Using pre-set license
Built from '2022.3/staging' branch; Version is '2022.3.29f1 (8d510ca76d2b) revision 9261324'; Using compiler version '192829333'; Build Type 'Release'
OS: 'Windows 11  (10.0.26100) 64bit Professional' Language: 'de' Physical Memory: 16081 MB
BatchMode: 1, IsHumanControllingUs: 0, StartBugReporterOnCrash: 0, Is64bit: 1, IsPro: 1

COMMAND LINE ARGUMENTS:
C:\Program Files\Unity\Hub\Editor\2022.3.29f1\Editor\Unity.exe
-adb2
-batchMode
-noUpm
-name
AssetImportWorker0
-projectPath
C:/Users/SimonGrabar/Documents/GIT/mobotic/mobotic
-logFile
Logs/AssetImportWorker0.log
-srvPort
55579
Successfully changed project path to: C:/Users/SimonGrabar/Documents/GIT/mobotic/mobotic
C:/Users/SimonGrabar/Documents/GIT/mobotic/mobotic
[UnityMemory] Configuration Parameters - Can be set up in boot.config
    "memorysetup-bucket-allocator-granularity=16"
    "memorysetup-bucket-allocator-bucket-count=8"
    "memorysetup-bucket-allocator-block-size=33554432"
    "memorysetup-bucket-allocator-block-count=8"
    "memorysetup-main-allocator-block-size=16777216"
    "memorysetup-thread-allocator-block-size=16777216"
    "memorysetup-gfx-main-allocator-block-size=16777216"
    "memorysetup-gfx-thread-allocator-block-size=16777216"
    "memorysetup-cache-allocator-block-size=4194304"
    "memorysetup-typetree-allocator-block-size=2097152"
    "memorysetup-profiler-bucket-allocator-granularity=16"
    "memorysetup-profiler-bucket-allocator-bucket-count=8"
    "memorysetup-profiler-bucket-allocator-block-size=33554432"
    "memorysetup-profiler-bucket-allocator-block-count=8"
    "memorysetup-profiler-allocator-block-size=16777216"
    "memorysetup-profiler-editor-allocator-block-size=1048576"
    "memorysetup-temp-allocator-size-main=16777216"
    "memorysetup-job-temp-allocator-block-size=2097152"
    "memorysetup-job-temp-allocator-block-size-background=1048576"
    "memorysetup-job-temp-allocator-reduction-small-platforms=262144"
    "memorysetup-allocator-temp-initial-block-size-main=262144"
    "memorysetup-allocator-temp-initial-block-size-worker=262144"
    "memorysetup-temp-allocator-size-background-worker=32768"
    "memorysetup-temp-allocator-size-job-worker=262144"
    "memorysetup-temp-allocator-size-preload-manager=33554432"
    "memorysetup-temp-allocator-size-nav-mesh-worker=65536"
    "memorysetup-temp-allocator-size-audio-worker=65536"
    "memorysetup-temp-allocator-size-cloud-worker=32768"
    "memorysetup-temp-allocator-size-gi-baking-worker=262144"
    "memorysetup-temp-allocator-size-gfx=262144"
Player connection [48304] Host "[IP] 192.168.58.1 [Port] 0 [Flags] 2 [Guid] 535219155 [EditorId] 535219155 [Version] 1048832 [Id] WindowsEditor(7,PC-GRABAR) [Debug] 1 [PackageName] WindowsEditor [ProjectName] Editor" joined multi-casting on [225.0.0.222:54997]...

Player connection [48304] Host "[IP] 192.168.58.1 [Port] 0 [Flags] 2 [Guid] 535219155 [EditorId] 535219155 [Version] 1048832 [Id] WindowsEditor(7,PC-GRABAR) [Debug] 1 [PackageName] WindowsEditor [ProjectName] Editor" joined alternative multi-casting on [225.0.0.222:34997]...

[Physics::Module] Initialized MultithreadedJobDispatcher with 11 workers.
Refreshing native plugins compatible for Editor in 25.23 ms, found 3 plugins.
Preloading 0 native plugins for Editor in 0.00 ms.
Initialize engine version: 2022.3.29f1 (8d510ca76d2b)
[Subsystems] Discovering subsystems at path C:/Program Files/Unity/Hub/Editor/2022.3.29f1/Editor/Data/Resources/UnitySubsystems
[Subsystems] Discovering subsystems at path C:/Users/SimonGrabar/Documents/GIT/mobotic/mobotic/Assets
GfxDevice: creating device client; threaded=0; jobified=0
Direct3D:
    Version:  Direct3D 11.0 [level 11.1]
    Renderer: Intel(R) Iris(R) Xe Graphics (ID=0x46a8)
    Vendor:   Intel
    VRAM:     8040 MB
    Driver:   31.0.101.5590
Initialize mono
Mono path[0] = 'C:/Program Files/Unity/Hub/Editor/2022.3.29f1/Editor/Data/Managed'
Mono path[1] = 'C:/Program Files/Unity/Hub/Editor/2022.3.29f1/Editor/Data/MonoBleedingEdge/lib/mono/unityjit-win32'
Mono config path = 'C:/Program Files/Unity/Hub/Editor/2022.3.29f1/Editor/Data/MonoBleedingEdge/etc'
Using monoOptions --debugger-agent=transport=dt_socket,embedding=1,server=y,suspend=n,address=127.0.0.1:56688
Begin MonoManager ReloadAssembly
Registering precompiled unity dll's ...
Register platform support module: C:/Program Files/Unity/Hub/Editor/2022.3.29f1/Editor/Data/PlaybackEngines/WindowsStandaloneSupport/UnityEditor.WindowsStandalone.Extensions.dll
Registered in 0.018107 seconds.
- Loaded All Assemblies, in  1.097 seconds
Native extension for WindowsStandalone target not found
Mono: successfully reloaded assembly
- Finished resetting the current domain, in  0.885 seconds
Domain Reload Profiling: 1980ms
	BeginReloadAssembly (359ms)
		ExecutionOrderSort (0ms)
		DisableScriptedObjects (0ms)
		BackupInstance (0ms)
		ReleaseScriptingObjects (0ms)
		CreateAndSetChildDomain (3ms)
	RebuildCommonClasses (96ms)
	RebuildNativeTypeToScriptingClass (34ms)
	initialDomainReloadingComplete (174ms)
	LoadAllAssembliesAndSetupDomain (431ms)
		LoadAssemblies (352ms)
		RebuildTransferFunctionScriptingTraits (0ms)
		AnalyzeDomain (426ms)
			TypeCache.Refresh (422ms)
				TypeCache.ScanAssembly (388ms)
			ScanForSourceGeneratedMonoScriptInfo (1ms)
			ResolveRequiredComponents (1ms)
	FinalizeReload (886ms)
		ReleaseScriptCaches (0ms)
		RebuildScriptCaches (0ms)
		SetupLoadedEditorAssemblies (703ms)
			LogAssemblyErrors (0ms)
			InitializePlatformSupportModulesInManaged (32ms)
			SetLoadedEditorAssemblies (24ms)
			RefreshPlugins (0ms)
			BeforeProcessingInitializeOnLoad (8ms)
			ProcessInitializeOnLoadAttributes (479ms)
			ProcessInitializeOnLoadMethodAttributes (160ms)
			AfterProcessingInitializeOnLoad (0ms)
			EditorAssembliesLoaded (0ms)
		ExecutionOrderSort2 (0ms)
		AwakeInstancesAfterBackupRestoration (0ms)
========================================================================
Worker process is ready to serve import requests
Begin MonoManager ReloadAssembly
- Loaded All Assemblies, in  2.233 seconds
Refreshing native plugins compatible for Editor in 8.89 ms, found 3 plugins.
Native extension for WindowsStandalone target not found
Package Manager log level set to [2]
[Package Manager] Server::EnsureServerProcessIsRunning -- launch failed, reason: Unity was launched with the -noUpm command-line argument
[Package Manager] UpmClient::Send -- Unable to send message (not connected to UPM process).
[Package Manager] Cannot connect to Unity Package Manager local server
Mono: successfully reloaded assembly
- Finished resetting the current domain, in  1.863 seconds
Domain Reload Profiling: 4089ms
	BeginReloadAssembly (486ms)
		ExecutionOrderSort (0ms)
		DisableScriptedObjects (16ms)
		BackupInstance (0ms)
		ReleaseScriptingObjects (0ms)
		CreateAndSetChildDomain (51ms)
	RebuildCommonClasses (112ms)
	RebuildNativeTypeToScriptingClass (31ms)
	initialDomainReloadingComplete (149ms)
	LoadAllAssembliesAndSetupDomain (1446ms)
		LoadAssemblies (1182ms)
		RebuildTransferFunctionScriptingTraits (0ms)
		AnalyzeDomain (577ms)
			TypeCache.Refresh (524ms)
				TypeCache.ScanAssembly (488ms)
			ScanForSourceGeneratedMonoScriptInfo (36ms)
			ResolveRequiredComponents (12ms)
	FinalizeReload (1865ms)
		ReleaseScriptCaches (0ms)
		RebuildScriptCaches (0ms)
		SetupLoadedEditorAssemblies (1345ms)
			LogAssemblyErrors (0ms)
			InitializePlatformSupportModulesInManaged (14ms)
			SetLoadedEditorAssemblies (12ms)
			RefreshPlugins (0ms)
			BeforeProcessingInitializeOnLoad (159ms)
			ProcessInitializeOnLoadAttributes (1058ms)
			ProcessInitializeOnLoadMethodAttributes (77ms)
			AfterProcessingInitializeOnLoad (24ms)
			EditorAssembliesLoaded (0ms)
		ExecutionOrderSort2 (0ms)
		AwakeInstancesAfterBackupRestoration (58ms)
Launched and connected shader compiler UnityShaderCompiler.exe after 0.34 seconds
Refreshing native plugins compatible for Editor in 7.92 ms, found 3 plugins.
Preloading 0 native plugins for Editor in 0.00 ms.
Unloading 3546 Unused Serialized files (Serialized files now loaded: 0)
Unloading 41 unused Assets / (169.2 KB). Loaded Objects now: 4005.
Memory consumption went from 138.8 MB to 138.7 MB.
Total: 7.640100 ms (FindLiveObjects: 0.528200 ms CreateObjectMapping: 0.340500 ms MarkObjects: 6.442400 ms  DeleteObjects: 0.326400 ms)

AssetImportParameters requested are different than current active one (requested -> active):
  custom:container-demuxer-ogg: 62fdf1f143b41e24485cea50d1cbac27 -> 
  custom:video-codec-MediaFoundation-h265: 746d11721c4dcdbdad8f713fa42b33f4 -> 
  custom:video-decoder-ogg-theora: a1e56fd34408186e4bbccfd4996cb3dc -> 
  custom:framework-win-MediaFoundation: 216162199b28c13a410421893ffa2e32 -> 
  custom:CustomObjectIndexerAttribute: 9a22284fe3817be447336de3de66b15e -> 
  custom:container-demuxer-webm: 4f35f7cbe854078d1ac9338744f61a02 -> 
  custom:container-muxer-webm: aa71ff27fc2769a1b78a27578f13a17b -> 
  custom:video-decoder-webm-vp8: 9c59270c3fd7afecdb556c50c9e8de78 -> 
  custom:SearchIndexIgnoredProperties: e643bd26f0fe6173181afceb89e7c659 -> 
  custom:AudioImporter_EditorPlatform: d09bf68614088b80899f8185d706f6e7 -> 
  custom:video-encoder-webm-vp8: eb34c28f22e8b96e1ab97ce403110664 -> 
  custom:audio-decoder-ogg-vorbis: bf7c407c2cedff20999df2af8eb42d56 -> 
  custom:audio-encoder-webm-vorbis: bf7c407c2cedff20999df2af8eb42d56 -> 
========================================================================
Received Import Request.
  Time since last request: 658001.635708 seconds.
  path: Assets/OrangeGradiant.asset
  artifactKey: Guid(c6a77b8a7a6c74d488df1b4c706343ab) Importer(815301076,1909f56bfc062723c751e8b465ee728b)
Start importing Assets/OrangeGradiant.asset using Guid(c6a77b8a7a6c74d488df1b4c706343ab) Importer(815301076,1909f56bfc062723c751e8b465ee728b)  -> (artifact id: '32401c070383481208afb2e32aba459d') in 0.032236 seconds
Number of updated asset objects reloaded before import = 0
Number of asset objects unloaded after import = 1
========================================================================
Received Import Request.
  Time since last request: 0.000079 seconds.
  path: Assets/piece 1.prefab
  artifactKey: Guid(811564e6548484bfbaebcb0ab7877093) Importer(815301076,1909f56bfc062723c751e8b465ee728b)
Start importing Assets/piece 1.prefab using Guid(811564e6548484bfbaebcb0ab7877093) Importer(815301076,1909f56bfc062723c751e8b465ee728b)  -> (artifact id: '2a6a349390c4f1850785ad8ba8519daa') in 0.053658 seconds
Number of updated asset objects reloaded before import = 0
Number of asset objects unloaded after import = 12
========================================================================
Received Import Request.
  Time since last request: 0.000073 seconds.
  path: Assets/ButtonPrefab.prefab
  artifactKey: Guid(ca768351d824941d8981c2c009e78921) Importer(815301076,1909f56bfc062723c751e8b465ee728b)
Start importing Assets/ButtonPrefab.prefab using Guid(ca768351d824941d8981c2c009e78921) Importer(815301076,1909f56bfc062723c751e8b465ee728b)  -> (artifact id: 'a5662fca5c00cd1d0199c1c5ff0ac482') in 0.192771 seconds
Number of updated asset objects reloaded before import = 0
Number of asset objects unloaded after import = 17
========================================================================
Received Import Request.
  Time since last request: 0.000079 seconds.
  path: Assets/forkliftMat.physicMaterial
  artifactKey: Guid(bf3378ea5731f4e2494308188abefd08) Importer(815301076,1909f56bfc062723c751e8b465ee728b)
Start importing Assets/forkliftMat.physicMaterial using Guid(bf3378ea5731f4e2494308188abefd08) Importer(815301076,1909f56bfc062723c751e8b465ee728b)  -> (artifact id: '45736118906109cb397c9303abe719e6') in 0.005144 seconds
Number of updated asset objects reloaded before import = 0
Number of asset objects unloaded after import = 1
========================================================================
Received Import Request.
  Time since last request: 0.000088 seconds.
  path: Assets/TorqueText.prefab
  artifactKey: Guid(6d3e0fdb6c7204ba5bf076ce11f8fd7c) Importer(815301076,1909f56bfc062723c751e8b465ee728b)
Start importing Assets/TorqueText.prefab using Guid(6d3e0fdb6c7204ba5bf076ce11f8fd7c) Importer(815301076,1909f56bfc062723c751e8b465ee728b)  -> (artifact id: '8fe32c0b2c9d80c11ffe15df7cef9998') in 0.416348 seconds
Number of updated asset objects reloaded before import = 0
Number of asset objects unloaded after import = 14
========================================================================
Received Import Request.
  Time since last request: 0.000435 seconds.
  path: Assets/red.mat
  artifactKey: Guid(d08855e15df1e43c8bde9d60c1619034) Importer(815301076,1909f56bfc062723c751e8b465ee728b)
Start importing Assets/red.mat using Guid(d08855e15df1e43c8bde9d60c1619034) Importer(815301076,1909f56bfc062723c751e8b465ee728b)  -> (artifact id: 'ce135db60a5c8a156e14caa9fc6b0648') in 1.352385 seconds
Number of updated asset objects reloaded before import = 0
Number of asset objects unloaded after import = 1
========================================================================
Received Import Request.
  Time since last request: 1140.888308 seconds.
  path: Assets/forkliftMats/black.mat
  artifactKey: Guid(9dc73499770384357b54ac7bda63df8e) Importer(815301076,1909f56bfc062723c751e8b465ee728b)
Start importing Assets/forkliftMats/black.mat using Guid(9dc73499770384357b54ac7bda63df8e) Importer(815301076,1909f56bfc062723c751e8b465ee728b)  -> (artifact id: 'c635fb2d28a19128303cb97590e130bf') in 0.400973 seconds
Number of updated asset objects reloaded before import = 0
Number of asset objects unloaded after import = 1
========================================================================
Received Import Request.
  Time since last request: 46.691100 seconds.
  path: Assets/pallet/textures/legno_1_diffuse.jpeg
  artifactKey: Guid(efde43a2bb5de4d1e8490d670864719d) Importer(815301076,1909f56bfc062723c751e8b465ee728b)
Start importing Assets/pallet/textures/legno_1_diffuse.jpeg using Guid(efde43a2bb5de4d1e8490d670864719d) Importer(815301076,1909f56bfc062723c751e8b465ee728b)  -> (artifact id: 'c3737c2b122e1e6f90b89b6510d78629') in 0.229102 seconds
Number of updated asset objects reloaded before import = 0
Number of asset objects unloaded after import = 2
========================================================================
Received Import Request.
  Time since last request: 85.725885 seconds.
  path: Assets/3DModels/DD500.fbx
  artifactKey: Guid(aac91119f88e94d13af6da5f102598d8) Importer(815301076,1909f56bfc062723c751e8b465ee728b)
Start importing Assets/3DModels/DD500.fbx using Guid(aac91119f88e94d13af6da5f102598d8) Importer(815301076,1909f56bfc062723c751e8b465ee728b)  -> (artifact id: 'aa69d1a92956202fa528f2b960fb3eb8') in 0.441102 seconds
Number of updated asset objects reloaded before import = 0
Number of asset objects unloaded after import = 21
========================================================================
Received Import Request.
  Time since last request: 0.000056 seconds.
  path: Assets/3DModels/ST-1200-225-PGR-Unity.fbx
  artifactKey: Guid(d03c97cfe9754454a8a5a565ee863181) Importer(815301076,1909f56bfc062723c751e8b465ee728b)
Start importing Assets/3DModels/ST-1200-225-PGR-Unity.fbx using Guid(d03c97cfe9754454a8a5a565ee863181) Importer(815301076,1909f56bfc062723c751e8b465ee728b)  -> (artifact id: '7aa9fe52d407f6fa2763b222666bcaf7') in 0.273905 seconds
Number of updated asset objects reloaded before import = 0
Number of asset objects unloaded after import = 27
========================================================================
Received Import Request.
  Time since last request: 0.000076 seconds.
  path: Assets/3DModels/DD502.fbx
  artifactKey: Guid(803db8d5422b64ab1b0e59d12f31774f) Importer(815301076,1909f56bfc062723c751e8b465ee728b)
Start importing Assets/3DModels/DD502.fbx using Guid(803db8d5422b64ab1b0e59d12f31774f) Importer(815301076,1909f56bfc062723c751e8b465ee728b)  -> (artifact id: 'c02eae4e97718e5acab0deccb4e7d4d8') in 0.372841 seconds
Number of updated asset objects reloaded before import = 0
Number of asset objects unloaded after import = 44
========================================================================
Received Import Request.
  Time since last request: 45.072142 seconds.
  path: Assets/Quad.Vertex/Warehouse industrial/Meshes/decor.fbx
  artifactKey: Guid(6511bacec9b259b4a82c020dee3f5f1e) Importer(815301076,1909f56bfc062723c751e8b465ee728b)
Start importing Assets/Quad.Vertex/Warehouse industrial/Meshes/decor.fbx using Guid(6511bacec9b259b4a82c020dee3f5f1e) Importer(815301076,1909f56bfc062723c751e8b465ee728b)  -> (artifact id: '1e4c056ecd73fd6d07abe805a1fc10f3') in 1.583166 seconds
Number of updated asset objects reloaded before import = 0
Number of asset objects unloaded after import = 246
========================================================================
Received Import Request.
  Time since last request: 1.188574 seconds.
  path: Assets/Quad.Vertex/Warehouse industrial
  artifactKey: Guid(b3516a33b2405ea4c83c61d0e6ba59ff) Importer(815301076,1909f56bfc062723c751e8b465ee728b)
Start importing Assets/Quad.Vertex/Warehouse industrial using Guid(b3516a33b2405ea4c83c61d0e6ba59ff) Importer(815301076,1909f56bfc062723c751e8b465ee728b)  -> (artifact id: '1e87f6b229432b231792c914e6aafe25') in 0.002315 seconds
Number of updated asset objects reloaded before import = 0
Number of asset objects unloaded after import = 0
========================================================================
Received Import Request.
  Time since last request: 6.096085 seconds.
  path: Assets/Quad.Vertex/Warehouse industrial/Scenes
  artifactKey: Guid(011469e3c4a799747b4bad31a5c5dc37) Importer(815301076,1909f56bfc062723c751e8b465ee728b)
Start importing Assets/Quad.Vertex/Warehouse industrial/Scenes using Guid(011469e3c4a799747b4bad31a5c5dc37) Importer(815301076,1909f56bfc062723c751e8b465ee728b)  -> (artifact id: 'fce887ae60b75e3fd3b547a4b0e8316c') in 0.001064 seconds
Number of updated asset objects reloaded before import = 0
Number of asset objects unloaded after import = 0
========================================================================
Received Import Request.
  Time since last request: 1.468907 seconds.
  path: Assets/Quad.Vertex/Warehouse industrial/Scenes/Warehouse industrial.unity
  artifactKey: Guid(90e4bd7fdcbfd26499ae33386cc10603) Importer(815301076,1909f56bfc062723c751e8b465ee728b)
Start importing Assets/Quad.Vertex/Warehouse industrial/Scenes/Warehouse industrial.unity using Guid(90e4bd7fdcbfd26499ae33386cc10603) Importer(815301076,1909f56bfc062723c751e8b465ee728b)  -> (artifact id: 'a5ae9a576505a3fda398c8db94c8f07f') in 0.001378 seconds
Number of updated asset objects reloaded before import = 0
Number of asset objects unloaded after import = 0
========================================================================
Received Prepare
Begin MonoManager ReloadAssembly
IOException: Sharing violation on path C:\Users\SimonGrabar\Documents\GIT\mobotic\mobotic\ProjectSettings\Packages\com.unity.testtools.codecoverage\Settings.json
  at System.IO.FileStream..ctor (System.String path, System.IO.FileMode mode, System.IO.FileAccess access, System.IO.FileShare share, System.Int32 bufferSize, System.Boolean anonymous, System.IO.FileOptions options) [0x0019e] in <467a840a914a47078e4ae9b0b1e8779e>:0 
  at System.IO.FileStream..ctor (System.String path, System.IO.FileMode mode, System.IO.FileAccess access, System.IO.FileShare share, System.Int32 bufferSize, System.IO.FileOptions options) [0x00000] in <467a840a914a47078e4ae9b0b1e8779e>:0 
  at (wrapper remoting-invoke-with-check) System.IO.FileStream..ctor(string,System.IO.FileMode,System.IO.FileAccess,System.IO.FileShare,int,System.IO.FileOptions)
  at System.IO.StreamWriter..ctor (System.String path, System.Boolean append, System.Text.Encoding encoding, System.Int32 bufferSize) [0x00055] in <467a840a914a47078e4ae9b0b1e8779e>:0 
  at System.IO.StreamWriter..ctor (System.String path) [0x00008] in <467a840a914a47078e4ae9b0b1e8779e>:0 
  at (wrapper remoting-invoke-with-check) System.IO.StreamWriter..ctor(string)
  at System.IO.File.WriteAllText (System.String path, System.String contents) [0x00026] in <467a840a914a47078e4ae9b0b1e8779e>:0 
  at UnityEditor.SettingsManagement.FileSettingsRepository.Save () [0x000e2] in .\Library\PackageCache\com.unity.settings-manager@2.0.1\Editor\FileSettingsRepository.cs:154 
  at UnityEditor.AssemblyReloadEvents.OnBeforeAssemblyReload () [0x00017] in <999670adb4c84ac4bad3ce4f6391c9c9>:0 

(Filename: ./Library/PackageCache/com.unity.settings-manager@2.0.1/Editor/FileSettingsRepository.cs Line: 154)

- Loaded All Assemblies, in  2.999 seconds
Refreshing native plugins compatible for Editor in 32.47 ms, found 3 plugins.
Native extension for WindowsStandalone target not found
[Package Manager] Server::EnsureServerProcessIsRunning -- launch failed, reason: Unity was launched with the -noUpm command-line argument
[Package Manager] UpmClient::Send -- Unable to send message (not connected to UPM process).
[Package Manager] Cannot connect to Unity Package Manager local server
Mono: successfully reloaded assembly
- Finished resetting the current domain, in  8.647 seconds
Domain Reload Profiling: 11643ms
	BeginReloadAssembly (1184ms)
		ExecutionOrderSort (0ms)
		DisableScriptedObjects (34ms)
		BackupInstance (0ms)
		ReleaseScriptingObjects (0ms)
		CreateAndSetChildDomain (484ms)
	RebuildCommonClasses (113ms)
	RebuildNativeTypeToScriptingClass (39ms)
	initialDomainReloadingComplete (88ms)
	LoadAllAssembliesAndSetupDomain (1570ms)
		LoadAssemblies (1810ms)
		RebuildTransferFunctionScriptingTraits (0ms)
		AnalyzeDomain (127ms)
			TypeCache.Refresh (72ms)
				TypeCache.ScanAssembly (0ms)
			ScanForSourceGeneratedMonoScriptInfo (1ms)
			ResolveRequiredComponents (50ms)
	FinalizeReload (8649ms)
		ReleaseScriptCaches (0ms)
		RebuildScriptCaches (0ms)
		SetupLoadedEditorAssemblies (2649ms)
			LogAssemblyErrors (0ms)
			InitializePlatformSupportModulesInManaged (44ms)
			SetLoadedEditorAssemblies (21ms)
			RefreshPlugins (0ms)
			BeforeProcessingInitializeOnLoad (355ms)
			ProcessInitializeOnLoadAttributes (2091ms)
			ProcessInitializeOnLoadMethodAttributes (121ms)
			AfterProcessingInitializeOnLoad (16ms)
			EditorAssembliesLoaded (1ms)
		ExecutionOrderSort2 (0ms)
		AwakeInstancesAfterBackupRestoration (45ms)
Refreshing native plugins compatible for Editor in 12.57 ms, found 3 plugins.
Preloading 0 native plugins for Editor in 0.00 ms.
Unloading 3508 Unused Serialized files (Serialized files now loaded: 0)
Unloading 29 unused Assets / (132.8 KB). Loaded Objects now: 4055.
Memory consumption went from 137.6 MB to 137.4 MB.
Total: 10.017000 ms (FindLiveObjects: 0.493100 ms CreateObjectMapping: 0.273600 ms MarkObjects: 8.816200 ms  DeleteObjects: 0.431800 ms)

Prepare: number of updated asset objects reloaded= 0
AssetImportParameters requested are different than current active one (requested -> active):
  custom:container-demuxer-ogg: 62fdf1f143b41e24485cea50d1cbac27 -> 
  custom:video-codec-MediaFoundation-h265: 746d11721c4dcdbdad8f713fa42b33f4 -> 
  custom:video-decoder-ogg-theora: a1e56fd34408186e4bbccfd4996cb3dc -> 
  custom:framework-win-MediaFoundation: 216162199b28c13a410421893ffa2e32 -> 
  custom:CustomObjectIndexerAttribute: 9a22284fe3817be447336de3de66b15e -> 
  custom:container-demuxer-webm: 4f35f7cbe854078d1ac9338744f61a02 -> 
  custom:container-muxer-webm: aa71ff27fc2769a1b78a27578f13a17b -> 
  custom:video-decoder-webm-vp8: 9c59270c3fd7afecdb556c50c9e8de78 -> 
  custom:SearchIndexIgnoredProperties: e643bd26f0fe6173181afceb89e7c659 -> 
  custom:AudioImporter_EditorPlatform: d09bf68614088b80899f8185d706f6e7 -> 
  custom:video-encoder-webm-vp8: eb34c28f22e8b96e1ab97ce403110664 -> 
  custom:audio-decoder-ogg-vorbis: bf7c407c2cedff20999df2af8eb42d56 -> 
  custom:audio-encoder-webm-vorbis: bf7c407c2cedff20999df2af8eb42d56 -> 
========================================================================
Received Import Request.
  Time since last request: 117.028450 seconds.
  path: Assets/Scenes/MenuListenner.prefab
  artifactKey: Guid(30ba7bfcb3c8940719fd98b526f21810) Importer(815301076,1909f56bfc062723c751e8b465ee728b)
Start importing Assets/Scenes/MenuListenner.prefab using Guid(30ba7bfcb3c8940719fd98b526f21810) Importer(815301076,1909f56bfc062723c751e8b465ee728b)  -> (artifact id: 'c37dc0f97dd7267dac2bb290b36f8e81') in 0.194111 seconds
Number of updated asset objects reloaded before import = 0
Number of asset objects unloaded after import = 23
========================================================================
Received Import Request.
  Time since last request: 2.317110 seconds.
  path: Assets/Scenes/ForkliftGame.unity
  artifactKey: Guid(a4785e6077b6b482e9946bf7f0c4353f) Importer(815301076,1909f56bfc062723c751e8b465ee728b)
Start importing Assets/Scenes/ForkliftGame.unity using Guid(a4785e6077b6b482e9946bf7f0c4353f) Importer(815301076,1909f56bfc062723c751e8b465ee728b)  -> (artifact id: 'b3d57189ffa29e0ac5fdb531c856f4b7') in 0.001997 seconds
Number of updated asset objects reloaded before import = 0
Number of asset objects unloaded after import = 0
========================================================================
Received Prepare
Begin MonoManager ReloadAssembly
- Loaded All Assemblies, in  1.270 seconds
Refreshing native plugins compatible for Editor in 9.72 ms, found 3 plugins.
Native extension for WindowsStandalone target not found
[Package Manager] Server::EnsureServerProcessIsRunning -- launch failed, reason: Unity was launched with the -noUpm command-line argument
[Package Manager] UpmClient::Send -- Unable to send message (not connected to UPM process).
[Package Manager] Cannot connect to Unity Package Manager local server
Mono: successfully reloaded assembly
- Finished resetting the current domain, in  3.379 seconds
Domain Reload Profiling: 4642ms
	BeginReloadAssembly (363ms)
		ExecutionOrderSort (0ms)
		DisableScriptedObjects (13ms)
		BackupInstance (0ms)
		ReleaseScriptingObjects (0ms)
		CreateAndSetChildDomain (76ms)
	RebuildCommonClasses (99ms)
	RebuildNativeTypeToScriptingClass (27ms)
	initialDomainReloadingComplete (82ms)
	LoadAllAssembliesAndSetupDomain (690ms)
		LoadAssemblies (847ms)
		RebuildTransferFunctionScriptingTraits (0ms)
		AnalyzeDomain (49ms)
			TypeCache.Refresh (16ms)
				TypeCache.ScanAssembly (0ms)
			ScanForSourceGeneratedMonoScriptInfo (1ms)
			ResolveRequiredComponents (27ms)
	FinalizeReload (3381ms)
		ReleaseScriptCaches (0ms)
		RebuildScriptCaches (0ms)
		SetupLoadedEditorAssemblies (1747ms)
			LogAssemblyErrors (0ms)
			InitializePlatformSupportModulesInManaged (25ms)
			SetLoadedEditorAssemblies (18ms)
			RefreshPlugins (0ms)
			BeforeProcessingInitializeOnLoad (240ms)
			ProcessInitializeOnLoadAttributes (1359ms)
			ProcessInitializeOnLoadMethodAttributes (84ms)
			AfterProcessingInitializeOnLoad (19ms)
			EditorAssembliesLoaded (1ms)
		ExecutionOrderSort2 (0ms)
		AwakeInstancesAfterBackupRestoration (29ms)
Refreshing native plugins compatible for Editor in 16.55 ms, found 3 plugins.
Preloading 0 native plugins for Editor in 0.00 ms.
Unloading 3508 Unused Serialized files (Serialized files now loaded: 0)
Unloading 28 unused Assets / (132.1 KB). Loaded Objects now: 4058.
Memory consumption went from 137.6 MB to 137.5 MB.
Total: 10.842100 ms (FindLiveObjects: 0.681200 ms CreateObjectMapping: 0.445500 ms MarkObjects: 9.317500 ms  DeleteObjects: 0.394000 ms)

Prepare: number of updated asset objects reloaded= 0
AssetImportParameters requested are different than current active one (requested -> active):
  custom:container-demuxer-ogg: 62fdf1f143b41e24485cea50d1cbac27 -> 
  custom:video-codec-MediaFoundation-h265: 746d11721c4dcdbdad8f713fa42b33f4 -> 
  custom:video-decoder-ogg-theora: a1e56fd34408186e4bbccfd4996cb3dc -> 
  custom:framework-win-MediaFoundation: 216162199b28c13a410421893ffa2e32 -> 
  custom:CustomObjectIndexerAttribute: 9a22284fe3817be447336de3de66b15e -> 
  custom:container-demuxer-webm: 4f35f7cbe854078d1ac9338744f61a02 -> 
  custom:container-muxer-webm: aa71ff27fc2769a1b78a27578f13a17b -> 
  custom:video-decoder-webm-vp8: 9c59270c3fd7afecdb556c50c9e8de78 -> 
  custom:SearchIndexIgnoredProperties: e643bd26f0fe6173181afceb89e7c659 -> 
  custom:AudioImporter_EditorPlatform: d09bf68614088b80899f8185d706f6e7 -> 
  custom:video-encoder-webm-vp8: eb34c28f22e8b96e1ab97ce403110664 -> 
  custom:audio-decoder-ogg-vorbis: bf7c407c2cedff20999df2af8eb42d56 -> 
  custom:audio-encoder-webm-vorbis: bf7c407c2cedff20999df2af8eb42d56 -> 
========================================================================
Received Import Request.
  Time since last request: 1266.193034 seconds.
  path: Assets/Quad.Vertex/Warehouse industrial/Materials/cardboard_mat.mat
  artifactKey: Guid(42e9a77f7310bb24c996b07be92e90f3) Importer(815301076,1909f56bfc062723c751e8b465ee728b)
Start importing Assets/Quad.Vertex/Warehouse industrial/Materials/cardboard_mat.mat using Guid(42e9a77f7310bb24c996b07be92e90f3) Importer(815301076,1909f56bfc062723c751e8b465ee728b)  -> (artifact id: 'e0780ba8b61414f6e586f52465802f36') in 0.218731 seconds
Number of updated asset objects reloaded before import = 0
Number of asset objects unloaded after import = 2
========================================================================
Received Import Request.
  Time since last request: 0.000049 seconds.
  path: Assets/Quad.Vertex/Warehouse industrial/Materials/roof_window_emission.mat
  artifactKey: Guid(249391a4d2dce6348befbf764239760a) Importer(815301076,1909f56bfc062723c751e8b465ee728b)
Start importing Assets/Quad.Vertex/Warehouse industrial/Materials/roof_window_emission.mat using Guid(249391a4d2dce6348befbf764239760a) Importer(815301076,1909f56bfc062723c751e8b465ee728b)  -> (artifact id: '8cbac8a645136aeec25413594ca447ea') in 0.018023 seconds
Number of updated asset objects reloaded before import = 0
Number of asset objects unloaded after import = 1
========================================================================
Received Prepare
Begin MonoManager ReloadAssembly
- Loaded All Assemblies, in  1.417 seconds
Refreshing native plugins compatible for Editor in 11.40 ms, found 3 plugins.
Native extension for WindowsStandalone target not found
[Package Manager] Server::EnsureServerProcessIsRunning -- launch failed, reason: Unity was launched with the -noUpm command-line argument
[Package Manager] UpmClient::Send -- Unable to send message (not connected to UPM process).
[Package Manager] Cannot connect to Unity Package Manager local server
Mono: successfully reloaded assembly
- Finished resetting the current domain, in  6.284 seconds
Domain Reload Profiling: 7702ms
	BeginReloadAssembly (450ms)
		ExecutionOrderSort (0ms)
		DisableScriptedObjects (12ms)
		BackupInstance (0ms)
		ReleaseScriptingObjects (0ms)
		CreateAndSetChildDomain (131ms)
	RebuildCommonClasses (72ms)
	RebuildNativeTypeToScriptingClass (22ms)
	initialDomainReloadingComplete (73ms)
	LoadAllAssembliesAndSetupDomain (794ms)
		LoadAssemblies (984ms)
		RebuildTransferFunctionScriptingTraits (0ms)
		AnalyzeDomain (44ms)
			TypeCache.Refresh (16ms)
				TypeCache.ScanAssembly (0ms)
			ScanForSourceGeneratedMonoScriptInfo (1ms)
			ResolveRequiredComponents (23ms)
	FinalizeReload (6290ms)
		ReleaseScriptCaches (0ms)
		RebuildScriptCaches (0ms)
		SetupLoadedEditorAssemblies (1817ms)
			LogAssemblyErrors (0ms)
			InitializePlatformSupportModulesInManaged (23ms)
			SetLoadedEditorAssemblies (16ms)
			RefreshPlugins (0ms)
			BeforeProcessingInitializeOnLoad (232ms)
			ProcessInitializeOnLoadAttributes (1379ms)
			ProcessInitializeOnLoadMethodAttributes (132ms)
			AfterProcessingInitializeOnLoad (34ms)
			EditorAssembliesLoaded (1ms)
		ExecutionOrderSort2 (0ms)
		AwakeInstancesAfterBackupRestoration (43ms)
Refreshing native plugins compatible for Editor in 24.86 ms, found 3 plugins.
Preloading 0 native plugins for Editor in 0.00 ms.
Unloading 3508 Unused Serialized files (Serialized files now loaded: 0)
Unloading 28 unused Assets / (132.0 KB). Loaded Objects now: 4061.
Memory consumption went from 137.6 MB to 137.5 MB.
Total: 19.748900 ms (FindLiveObjects: 1.171100 ms CreateObjectMapping: 0.546300 ms MarkObjects: 17.575400 ms  DeleteObjects: 0.452000 ms)

Prepare: number of updated asset objects reloaded= 0
AssetImportParameters requested are different than current active one (requested -> active):
  custom:container-demuxer-ogg: 62fdf1f143b41e24485cea50d1cbac27 -> 
  custom:video-codec-MediaFoundation-h265: 746d11721c4dcdbdad8f713fa42b33f4 -> 
  custom:video-decoder-ogg-theora: a1e56fd34408186e4bbccfd4996cb3dc -> 
  custom:framework-win-MediaFoundation: 216162199b28c13a410421893ffa2e32 -> 
  custom:CustomObjectIndexerAttribute: 9a22284fe3817be447336de3de66b15e -> 
  custom:container-demuxer-webm: 4f35f7cbe854078d1ac9338744f61a02 -> 
  custom:container-muxer-webm: aa71ff27fc2769a1b78a27578f13a17b -> 
  custom:video-decoder-webm-vp8: 9c59270c3fd7afecdb556c50c9e8de78 -> 
  custom:SearchIndexIgnoredProperties: e643bd26f0fe6173181afceb89e7c659 -> 
  custom:AudioImporter_EditorPlatform: d09bf68614088b80899f8185d706f6e7 -> 
  custom:video-encoder-webm-vp8: eb34c28f22e8b96e1ab97ce403110664 -> 
  custom:audio-decoder-ogg-vorbis: bf7c407c2cedff20999df2af8eb42d56 -> 
  custom:audio-encoder-webm-vorbis: bf7c407c2cedff20999df2af8eb42d56 -> 
========================================================================
Received Import Request.
  Time since last request: 376.907235 seconds.
  path: Assets/Quad.Vertex/Warehouse industrial/Meshes/column.fbx
  artifactKey: Guid(7df44c8f72f76d048ba658151407e3f7) Importer(815301076,1909f56bfc062723c751e8b465ee728b)
Start importing Assets/Quad.Vertex/Warehouse industrial/Meshes/column.fbx using Guid(7df44c8f72f76d048ba658151407e3f7) Importer(815301076,1909f56bfc062723c751e8b465ee728b)  -> (artifact id: 'd46132c8224baba4e0d7905d77bc268f') in 0.373727 seconds
Number of updated asset objects reloaded before import = 0
Number of asset objects unloaded after import = 14
========================================================================
Received Import Request.
  Time since last request: 0.000058 seconds.
  path: Assets/Quad.Vertex/Warehouse industrial/Meshes/tools.fbx
  artifactKey: Guid(3889e5fafe220984a9294d69e581f895) Importer(815301076,1909f56bfc062723c751e8b465ee728b)
Start importing Assets/Quad.Vertex/Warehouse industrial/Meshes/tools.fbx using Guid(3889e5fafe220984a9294d69e581f895) Importer(815301076,1909f56bfc062723c751e8b465ee728b)  -> (artifact id: '5cea007091c086d77a92269aada8f2a8') in 0.594175 seconds
Number of updated asset objects reloaded before import = 0
Number of asset objects unloaded after import = 79
========================================================================
Received Import Request.
  Time since last request: 0.000083 seconds.
  path: Assets/Quad.Vertex/Warehouse industrial/Meshes/roof.fbx
  artifactKey: Guid(f9b750903470fcc479d62221a5eca337) Importer(815301076,1909f56bfc062723c751e8b465ee728b)
Start importing Assets/Quad.Vertex/Warehouse industrial/Meshes/roof.fbx using Guid(f9b750903470fcc479d62221a5eca337) Importer(815301076,1909f56bfc062723c751e8b465ee728b)  -> (artifact id: 'c7dbec90f5109e4c93c0cbef4505efeb') in 0.491656 seconds
Number of updated asset objects reloaded before import = 0
Number of asset objects unloaded after import = 79
========================================================================
Received Import Request.
  Time since last request: 5.977760 seconds.
  path: Assets/Quad.Vertex/Warehouse industrial/Prefabs/Floor/floor_2.5x2.5.prefab
  artifactKey: Guid(ed76de5b3b06e6d42912ed79e21a7a57) Importer(815301076,1909f56bfc062723c751e8b465ee728b)
Start importing Assets/Quad.Vertex/Warehouse industrial/Prefabs/Floor/floor_2.5x2.5.prefab using Guid(ed76de5b3b06e6d42912ed79e21a7a57) Importer(815301076,1909f56bfc062723c751e8b465ee728b)  -> (artifact id: 'bd8db9ad2d84c74a7778f5d0bc93f7a8') in 0.063323 seconds
Number of updated asset objects reloaded before import = 0
Number of asset objects unloaded after import = 9
========================================================================
Received Import Request.
  Time since last request: 0.000050 seconds.
  path: Assets/Quad.Vertex/Warehouse industrial/Prefabs/Floor/floor_2.5x2.5_marked.prefab
  artifactKey: Guid(7cda342ebd3884240b5f2a06f2df7b52) Importer(815301076,1909f56bfc062723c751e8b465ee728b)
Start importing Assets/Quad.Vertex/Warehouse industrial/Prefabs/Floor/floor_2.5x2.5_marked.prefab using Guid(7cda342ebd3884240b5f2a06f2df7b52) Importer(815301076,1909f56bfc062723c751e8b465ee728b)  -> (artifact id: '88e5501b4bbeb88993debca4da1709f1') in 0.037879 seconds
Number of updated asset objects reloaded before import = 0
Number of asset objects unloaded after import = 9
========================================================================
Received Import Request.
  Time since last request: 4.099887 seconds.
  path: Assets/Quad.Vertex/Warehouse industrial/Prefabs/Decor/balcony.prefab
  artifactKey: Guid(cb3c7aaec381c624fb21f5435847dbfd) Importer(815301076,1909f56bfc062723c751e8b465ee728b)
Start importing Assets/Quad.Vertex/Warehouse industrial/Prefabs/Decor/balcony.prefab using Guid(cb3c7aaec381c624fb21f5435847dbfd) Importer(815301076,1909f56bfc062723c751e8b465ee728b)  -> (artifact id: 'b65dd5e8fb1d33fa7284480e659d7dd0') in 0.052198 seconds
Number of updated asset objects reloaded before import = 0
Number of asset objects unloaded after import = 9
========================================================================
Received Import Request.
  Time since last request: 0.000041 seconds.
  path: Assets/Quad.Vertex/Warehouse industrial/Prefabs/Decor/box_plastic_yellow.prefab
  artifactKey: Guid(ed5d547a4da669a4caf202c55a9593b0) Importer(815301076,1909f56bfc062723c751e8b465ee728b)
Start importing Assets/Quad.Vertex/Warehouse industrial/Prefabs/Decor/box_plastic_yellow.prefab using Guid(ed5d547a4da669a4caf202c55a9593b0) Importer(815301076,1909f56bfc062723c751e8b465ee728b)  -> (artifact id: 'ff39a34b173b402bf69f20e274e09178') in 0.034508 seconds
Number of updated asset objects reloaded before import = 0
Number of asset objects unloaded after import = 9
========================================================================
Received Import Request.
  Time since last request: 0.000044 seconds.
  path: Assets/Quad.Vertex/Warehouse industrial/Prefabs/Decor/bucket_orange.prefab
  artifactKey: Guid(652722fdae0eb7446abfa925ae7b6194) Importer(815301076,1909f56bfc062723c751e8b465ee728b)
Start importing Assets/Quad.Vertex/Warehouse industrial/Prefabs/Decor/bucket_orange.prefab using Guid(652722fdae0eb7446abfa925ae7b6194) Importer(815301076,1909f56bfc062723c751e8b465ee728b)  -> (artifact id: 'f78f57385cdc00cd8ad65713617b3d5c') in 0.048689 seconds
Number of updated asset objects reloaded before import = 0
Number of asset objects unloaded after import = 9
========================================================================
Received Import Request.
  Time since last request: 0.000032 seconds.
  path: Assets/Quad.Vertex/Warehouse industrial/Prefabs/Decor/bucket_black.prefab
  artifactKey: Guid(615c16f39168d9245afa44ceeffcec26) Importer(815301076,1909f56bfc062723c751e8b465ee728b)
Start importing Assets/Quad.Vertex/Warehouse industrial/Prefabs/Decor/bucket_black.prefab using Guid(615c16f39168d9245afa44ceeffcec26) Importer(815301076,1909f56bfc062723c751e8b465ee728b)  -> (artifact id: '1c13d396cd8e4f62a75f4982f4de42c4') in 0.046575 seconds
Number of updated asset objects reloaded before import = 0
Number of asset objects unloaded after import = 9
========================================================================
Received Import Request.
  Time since last request: 0.000070 seconds.
  path: Assets/Quad.Vertex/Warehouse industrial/Prefabs/Decor/box_cardboard_open.prefab
  artifactKey: Guid(345c6b62052c7384ba3aaebf802685ec) Importer(815301076,1909f56bfc062723c751e8b465ee728b)
Start importing Assets/Quad.Vertex/Warehouse industrial/Prefabs/Decor/box_cardboard_open.prefab using Guid(345c6b62052c7384ba3aaebf802685ec) Importer(815301076,1909f56bfc062723c751e8b465ee728b)  -> (artifact id: 'b926858aa10a21484d71c6a2dfe877a6') in 0.055999 seconds
Number of updated asset objects reloaded before import = 0
Number of asset objects unloaded after import = 9
========================================================================
Received Import Request.
  Time since last request: 0.000036 seconds.
  path: Assets/Quad.Vertex/Warehouse industrial/Prefabs/Decor/box_plastic_green.prefab
  artifactKey: Guid(bee4dc32b25adee40b915810fabd4433) Importer(815301076,1909f56bfc062723c751e8b465ee728b)
Start importing Assets/Quad.Vertex/Warehouse industrial/Prefabs/Decor/box_plastic_green.prefab using Guid(bee4dc32b25adee40b915810fabd4433) Importer(815301076,1909f56bfc062723c751e8b465ee728b)  -> (artifact id: 'e599c8d5b7155934c7981d3ec8077763') in 0.042428 seconds
Number of updated asset objects reloaded before import = 0
Number of asset objects unloaded after import = 9
========================================================================
Received Import Request.
  Time since last request: 0.000046 seconds.
  path: Assets/Quad.Vertex/Warehouse industrial/Prefabs/Decor/barrel_fuel_2.prefab
  artifactKey: Guid(b02e0c875ef89e1458224e86786ba662) Importer(815301076,1909f56bfc062723c751e8b465ee728b)
Start importing Assets/Quad.Vertex/Warehouse industrial/Prefabs/Decor/barrel_fuel_2.prefab using Guid(b02e0c875ef89e1458224e86786ba662) Importer(815301076,1909f56bfc062723c751e8b465ee728b)  -> (artifact id: '4081ea2dd27602fdbee88a1dd5d1de84') in 0.035292 seconds
Number of updated asset objects reloaded before import = 0
Number of asset objects unloaded after import = 9
========================================================================
Received Import Request.
  Time since last request: 0.000032 seconds.
  path: Assets/Quad.Vertex/Warehouse industrial/Prefabs/Decor/cardboard_flat1.prefab
  artifactKey: Guid(f772f7411dd4e284f8ed7ff665fd56e4) Importer(815301076,1909f56bfc062723c751e8b465ee728b)
Start importing Assets/Quad.Vertex/Warehouse industrial/Prefabs/Decor/cardboard_flat1.prefab using Guid(f772f7411dd4e284f8ed7ff665fd56e4) Importer(815301076,1909f56bfc062723c751e8b465ee728b)  -> (artifact id: '7fbf20883902f93100ec190d2b87b1bf') in 0.033372 seconds
Number of updated asset objects reloaded before import = 0
Number of asset objects unloaded after import = 9
========================================================================
Received Import Request.
  Time since last request: 0.000037 seconds.
  path: Assets/Quad.Vertex/Warehouse industrial/Prefabs/Decor/box_cardboard_locked.prefab
  artifactKey: Guid(bc288f30ba33a3545ac5e3a9c6ff7bd3) Importer(815301076,1909f56bfc062723c751e8b465ee728b)
Start importing Assets/Quad.Vertex/Warehouse industrial/Prefabs/Decor/box_cardboard_locked.prefab using Guid(bc288f30ba33a3545ac5e3a9c6ff7bd3) Importer(815301076,1909f56bfc062723c751e8b465ee728b)  -> (artifact id: 'f11ab7ec78b48b34629f6454d0537252') in 0.046375 seconds
Number of updated asset objects reloaded before import = 0
Number of asset objects unloaded after import = 9
========================================================================
Received Import Request.
  Time since last request: 0.000057 seconds.
  path: Assets/Quad.Vertex/Warehouse industrial/Prefabs/Decor/barrel_fuel_3.prefab
  artifactKey: Guid(b4038b6221e9f5d4b873483ee130b9b7) Importer(815301076,1909f56bfc062723c751e8b465ee728b)
Start importing Assets/Quad.Vertex/Warehouse industrial/Prefabs/Decor/barrel_fuel_3.prefab using Guid(b4038b6221e9f5d4b873483ee130b9b7) Importer(815301076,1909f56bfc062723c751e8b465ee728b)  -> (artifact id: '321383dd38c8f418050e41d3d28f3b49') in 0.048747 seconds
Number of updated asset objects reloaded before import = 0
Number of asset objects unloaded after import = 9
========================================================================
Received Import Request.
  Time since last request: 0.000065 seconds.
  path: Assets/Quad.Vertex/Warehouse industrial/Prefabs/Decor/box_pile.prefab
  artifactKey: Guid(75e50fc9b807f65449996f8580b9d8ab) Importer(815301076,1909f56bfc062723c751e8b465ee728b)
Start importing Assets/Quad.Vertex/Warehouse industrial/Prefabs/Decor/box_pile.prefab using Guid(75e50fc9b807f65449996f8580b9d8ab) Importer(815301076,1909f56bfc062723c751e8b465ee728b)  -> (artifact id: '307ca89e4e5b15bd95ee586140b5a3a5') in 0.041979 seconds
Number of updated asset objects reloaded before import = 0
Number of asset objects unloaded after import = 9
========================================================================
Received Import Request.
  Time since last request: 3.726885 seconds.
  path: Assets/Quad.Vertex/Warehouse industrial/Prefabs/Loader/loader.prefab
  artifactKey: Guid(25c5b4a0e11732640b1eb706c674efed) Importer(815301076,1909f56bfc062723c751e8b465ee728b)
Start importing Assets/Quad.Vertex/Warehouse industrial/Prefabs/Loader/loader.prefab using Guid(25c5b4a0e11732640b1eb706c674efed) Importer(815301076,1909f56bfc062723c751e8b465ee728b)  -> (artifact id: '8314f18848175f3bc49ec6e9c2bf4ebe') in 0.069434 seconds
Number of updated asset objects reloaded before import = 0
Number of asset objects unloaded after import = 69
========================================================================
Received Prepare
Begin MonoManager ReloadAssembly
- Loaded All Assemblies, in 18.642 seconds
Refreshing native plugins compatible for Editor in 64.04 ms, found 3 plugins.
Native extension for WindowsStandalone target not found
[Package Manager] Server::EnsureServerProcessIsRunning -- launch failed, reason: Unity was launched with the -noUpm command-line argument
[Package Manager] UpmClient::Send -- Unable to send message (not connected to UPM process).
[Package Manager] Cannot connect to Unity Package Manager local server
Mono: successfully reloaded assembly
- Finished resetting the current domain, in 42.873 seconds
Domain Reload Profiling: 61527ms
	BeginReloadAssembly (5294ms)
		ExecutionOrderSort (0ms)
		DisableScriptedObjects (28ms)
		BackupInstance (0ms)
		ReleaseScriptingObjects (1ms)
		CreateAndSetChildDomain (325ms)
	RebuildCommonClasses (158ms)
	RebuildNativeTypeToScriptingClass (36ms)
	initialDomainReloadingComplete (128ms)
	LoadAllAssembliesAndSetupDomain (13037ms)
		LoadAssemblies (16966ms)
		RebuildTransferFunctionScriptingTraits (0ms)
		AnalyzeDomain (826ms)
			TypeCache.Refresh (627ms)
				TypeCache.ScanAssembly (479ms)
			ScanForSourceGeneratedMonoScriptInfo (138ms)
			ResolveRequiredComponents (56ms)
	FinalizeReload (42875ms)
		ReleaseScriptCaches (0ms)
		RebuildScriptCaches (0ms)
		SetupLoadedEditorAssemblies (1860ms)
			LogAssemblyErrors (0ms)
			InitializePlatformSupportModulesInManaged (18ms)
			SetLoadedEditorAssemblies (10ms)
			RefreshPlugins (0ms)
			BeforeProcessingInitializeOnLoad (247ms)
			ProcessInitializeOnLoadAttributes (1326ms)
			ProcessInitializeOnLoadMethodAttributes (247ms)
			AfterProcessingInitializeOnLoad (12ms)
			EditorAssembliesLoaded (1ms)
		ExecutionOrderSort2 (0ms)
		AwakeInstancesAfterBackupRestoration (20ms)
Shader 'Universal Render Pipeline/Nature/SpeedTree7': fallback shader 'Hidden/Universal Render Pipeline/FallbackError' not found
Shader 'Universal Render Pipeline/Nature/SpeedTree7': dependency 'BillboardShader' shader 'Universal Render Pipeline/Nature/SpeedTree7 Billboard' not found
Shader 'Hidden/Universal Render Pipeline/Terrain/Lit (Add Pass)': fallback shader 'Hidden/Universal Render Pipeline/FallbackError' not found
Shader 'Hidden/Universal Render Pipeline/Terrain/Lit (Base Pass)': fallback shader 'Hidden/Universal Render Pipeline/FallbackError' not found
WARNING: Shader Unsupported: 'Hidden/Universal Render Pipeline/Terrain/Lit (Base Pass)' - All subshaders removed
WARNING: Shader Did you use #pragma only_renderers and omit this platform?
WARNING: Shader If subshaders removal was intentional, you may have forgotten turning Fallback off?
WARNING: Shader Unsupported: 'Hidden/Universal Render Pipeline/Terrain/Lit (Base Pass)' - All subshaders removed
WARNING: Shader Did you use #pragma only_renderers and omit this platform?
WARNING: Shader If subshaders removal was intentional, you may have forgotten turning Fallback off?
Shader 'Hidden/Universal Render Pipeline/FallbackError': fallback shader 'Hidden/Core/FallbackError' not found
Shader 'Universal Render Pipeline/Baked Lit': fallback shader 'Universal Render Pipeline/Unlit' not found
Refreshing native plugins compatible for Editor in 29.32 ms, found 3 plugins.
Preloading 0 native plugins for Editor in 0.00 ms.
Unloading 5420 Unused Serialized files (Serialized files now loaded: 0)
Unloading 115 unused Assets / (7.0 MB). Loaded Objects now: 5889.
Memory consumption went from 202.9 MB to 195.8 MB.
Total: 26.579700 ms (FindLiveObjects: 1.257900 ms CreateObjectMapping: 0.648800 ms MarkObjects: 17.586100 ms  DeleteObjects: 7.083400 ms)

Prepare: number of updated asset objects reloaded= 0
AssetImportParameters requested are different than current active one (requested -> active):
  custom:container-demuxer-ogg: 62fdf1f143b41e24485cea50d1cbac27 -> 
  custom:video-codec-MediaFoundation-h265: 746d11721c4dcdbdad8f713fa42b33f4 -> 
  custom:video-decoder-ogg-theora: a1e56fd34408186e4bbccfd4996cb3dc -> 
  custom:framework-win-MediaFoundation: 216162199b28c13a410421893ffa2e32 -> 
  custom:CustomObjectIndexerAttribute: 72b91833f83ae208fae7752999fa3104 -> 
  custom:container-demuxer-webm: 4f35f7cbe854078d1ac9338744f61a02 -> 
  custom:container-muxer-webm: aa71ff27fc2769a1b78a27578f13a17b -> 
  custom:video-decoder-webm-vp8: 9c59270c3fd7afecdb556c50c9e8de78 -> 
  custom:SearchIndexIgnoredProperties: e643bd26f0fe6173181afceb89e7c659 -> 
  custom:AudioImporter_EditorPlatform: d09bf68614088b80899f8185d706f6e7 -> 
  custom:video-encoder-webm-vp8: eb34c28f22e8b96e1ab97ce403110664 -> 
  custom:audio-decoder-ogg-vorbis: bf7c407c2cedff20999df2af8eb42d56 -> 
  custom:audio-encoder-webm-vorbis: bf7c407c2cedff20999df2af8eb42d56 -> 
========================================================================
Received Import Request.
  Time since last request: 1093.079781 seconds.
  path: Assets/UniversalRenderPipelineGlobalSettings.asset
  artifactKey: Guid(441a8eda8faf5964b972bc0dbd0a968a) Importer(815301076,1909f56bfc062723c751e8b465ee728b)
Start importing Assets/UniversalRenderPipelineGlobalSettings.asset using Guid(441a8eda8faf5964b972bc0dbd0a968a) Importer(815301076,1909f56bfc062723c751e8b465ee728b)  -> (artifact id: '3d59fe55d882f4a95c02cef85131daf1') in 0.049530 seconds
Number of updated asset objects reloaded before import = 0
Number of asset objects unloaded after import = 1
========================================================================
Received Import Request.
  Time since last request: 54.548733 seconds.
  path: Assets/Quad.Vertex/Warehouse industrial/Materials/cardboard_mat.mat
  artifactKey: Guid(42e9a77f7310bb24c996b07be92e90f3) Importer(815301076,1909f56bfc062723c751e8b465ee728b)
Start importing Assets/Quad.Vertex/Warehouse industrial/Materials/cardboard_mat.mat using Guid(42e9a77f7310bb24c996b07be92e90f3) Importer(815301076,1909f56bfc062723c751e8b465ee728b)  -> (artifact id: 'ab99f4af438344965c61930843933146') in 0.813942 seconds
Number of updated asset objects reloaded before import = 0
Number of asset objects unloaded after import = 2
========================================================================
Received Import Request.
  Time since last request: 0.000054 seconds.
  path: Assets/Quad.Vertex/Warehouse industrial/Materials/roof_window_emission.mat
  artifactKey: Guid(249391a4d2dce6348befbf764239760a) Importer(815301076,1909f56bfc062723c751e8b465ee728b)
Start importing Assets/Quad.Vertex/Warehouse industrial/Materials/roof_window_emission.mat using Guid(249391a4d2dce6348befbf764239760a) Importer(815301076,1909f56bfc062723c751e8b465ee728b)  -> (artifact id: 'b1141ae40da0e966065dcee95e5e5371') in 0.231103 seconds
Number of updated asset objects reloaded before import = 0
Number of asset objects unloaded after import = 1
