Using pre-set license
Built from '2022.3/staging' branch; Version is '2022.3.29f1 (8d510ca76d2b) revision 9261324'; Using compiler version '192829333'; Build Type 'Release'
OS: 'Windows 11  (10.0.26100) 64bit Professional' Language: 'de' Physical Memory: 16081 MB
BatchMode: 1, IsHumanControllingUs: 0, StartBugReporterOnCrash: 0, Is64bit: 1, IsPro: 1

COMMAND LINE ARGUMENTS:
C:\Program Files\Unity\Hub\Editor\2022.3.29f1\Editor\Unity.exe
-adb2
-batchMode
-noUpm
-name
AssetImportWorker0
-projectPath
C:/Users/SimonGrabar/Documents/GIT/mobotic/mobotic
-logFile
Logs/AssetImportWorker0.log
-srvPort
61526
Successfully changed project path to: C:/Users/SimonGrabar/Documents/GIT/mobotic/mobotic
C:/Users/SimonGrabar/Documents/GIT/mobotic/mobotic
[UnityMemory] Configuration Parameters - Can be set up in boot.config
    "memorysetup-bucket-allocator-granularity=16"
    "memorysetup-bucket-allocator-bucket-count=8"
    "memorysetup-bucket-allocator-block-size=33554432"
    "memorysetup-bucket-allocator-block-count=8"
    "memorysetup-main-allocator-block-size=16777216"
    "memorysetup-thread-allocator-block-size=16777216"
    "memorysetup-gfx-main-allocator-block-size=16777216"
    "memorysetup-gfx-thread-allocator-block-size=16777216"
    "memorysetup-cache-allocator-block-size=4194304"
    "memorysetup-typetree-allocator-block-size=2097152"
    "memorysetup-profiler-bucket-allocator-granularity=16"
    "memorysetup-profiler-bucket-allocator-bucket-count=8"
    "memorysetup-profiler-bucket-allocator-block-size=33554432"
    "memorysetup-profiler-bucket-allocator-block-count=8"
    "memorysetup-profiler-allocator-block-size=16777216"
    "memorysetup-profiler-editor-allocator-block-size=1048576"
    "memorysetup-temp-allocator-size-main=16777216"
    "memorysetup-job-temp-allocator-block-size=2097152"
    "memorysetup-job-temp-allocator-block-size-background=1048576"
    "memorysetup-job-temp-allocator-reduction-small-platforms=262144"
    "memorysetup-allocator-temp-initial-block-size-main=262144"
    "memorysetup-allocator-temp-initial-block-size-worker=262144"
    "memorysetup-temp-allocator-size-background-worker=32768"
    "memorysetup-temp-allocator-size-job-worker=262144"
    "memorysetup-temp-allocator-size-preload-manager=33554432"
    "memorysetup-temp-allocator-size-nav-mesh-worker=65536"
    "memorysetup-temp-allocator-size-audio-worker=65536"
    "memorysetup-temp-allocator-size-cloud-worker=32768"
    "memorysetup-temp-allocator-size-gi-baking-worker=262144"
    "memorysetup-temp-allocator-size-gfx=262144"
Player connection [12008] Host "[IP] 192.168.58.1 [Port] 0 [Flags] 2 [Guid] 3747867963 [EditorId] 3747867963 [Version] 1048832 [Id] WindowsEditor(7,PC-GRABAR) [Debug] 1 [PackageName] WindowsEditor [ProjectName] Editor" joined multi-casting on [225.0.0.222:54997]...

Player connection [12008] Host "[IP] 192.168.58.1 [Port] 0 [Flags] 2 [Guid] 3747867963 [EditorId] 3747867963 [Version] 1048832 [Id] WindowsEditor(7,PC-GRABAR) [Debug] 1 [PackageName] WindowsEditor [ProjectName] Editor" joined alternative multi-casting on [225.0.0.222:34997]...

[Physics::Module] Initialized MultithreadedJobDispatcher with 11 workers.
Refreshing native plugins compatible for Editor in 30.08 ms, found 3 plugins.
Preloading 0 native plugins for Editor in 0.00 ms.
Initialize engine version: 2022.3.29f1 (8d510ca76d2b)
[Subsystems] Discovering subsystems at path C:/Program Files/Unity/Hub/Editor/2022.3.29f1/Editor/Data/Resources/UnitySubsystems
[Subsystems] Discovering subsystems at path C:/Users/SimonGrabar/Documents/GIT/mobotic/mobotic/Assets
GfxDevice: creating device client; threaded=0; jobified=0
Direct3D:
    Version:  Direct3D 11.0 [level 11.1]
    Renderer: Intel(R) Iris(R) Xe Graphics (ID=0x46a8)
    Vendor:   Intel
    VRAM:     8040 MB
    Driver:   31.0.101.5590
Initialize mono
Mono path[0] = 'C:/Program Files/Unity/Hub/Editor/2022.3.29f1/Editor/Data/Managed'
Mono path[1] = 'C:/Program Files/Unity/Hub/Editor/2022.3.29f1/Editor/Data/MonoBleedingEdge/lib/mono/unityjit-win32'
Mono config path = 'C:/Program Files/Unity/Hub/Editor/2022.3.29f1/Editor/Data/MonoBleedingEdge/etc'
Using monoOptions --debugger-agent=transport=dt_socket,embedding=1,server=y,suspend=n,address=127.0.0.1:56904
Begin MonoManager ReloadAssembly
Registering precompiled unity dll's ...
Register platform support module: C:/Program Files/Unity/Hub/Editor/2022.3.29f1/Editor/Data/PlaybackEngines/WindowsStandaloneSupport/UnityEditor.WindowsStandalone.Extensions.dll
Registered in 0.019523 seconds.
- Loaded All Assemblies, in  1.328 seconds
Native extension for WindowsStandalone target not found
Mono: successfully reloaded assembly
- Finished resetting the current domain, in  1.019 seconds
Domain Reload Profiling: 2335ms
	BeginReloadAssembly (389ms)
		ExecutionOrderSort (0ms)
		DisableScriptedObjects (0ms)
		BackupInstance (0ms)
		ReleaseScriptingObjects (0ms)
		CreateAndSetChildDomain (3ms)
	RebuildCommonClasses (143ms)
	RebuildNativeTypeToScriptingClass (61ms)
	initialDomainReloadingComplete (206ms)
	LoadAllAssembliesAndSetupDomain (517ms)
		LoadAssemblies (387ms)
		RebuildTransferFunctionScriptingTraits (0ms)
		AnalyzeDomain (505ms)
			TypeCache.Refresh (502ms)
				TypeCache.ScanAssembly (462ms)
			ScanForSourceGeneratedMonoScriptInfo (1ms)
			ResolveRequiredComponents (1ms)
	FinalizeReload (1020ms)
		ReleaseScriptCaches (0ms)
		RebuildScriptCaches (0ms)
		SetupLoadedEditorAssemblies (836ms)
			LogAssemblyErrors (0ms)
			InitializePlatformSupportModulesInManaged (24ms)
			SetLoadedEditorAssemblies (25ms)
			RefreshPlugins (0ms)
			BeforeProcessingInitializeOnLoad (12ms)
			ProcessInitializeOnLoadAttributes (607ms)
			ProcessInitializeOnLoadMethodAttributes (167ms)
			AfterProcessingInitializeOnLoad (0ms)
			EditorAssembliesLoaded (0ms)
		ExecutionOrderSort2 (0ms)
		AwakeInstancesAfterBackupRestoration (0ms)
========================================================================
Worker process is ready to serve import requests
Begin MonoManager ReloadAssembly
- Loaded All Assemblies, in  2.447 seconds
Refreshing native plugins compatible for Editor in 12.27 ms, found 3 plugins.
Native extension for WindowsStandalone target not found
Package Manager log level set to [2]
[Package Manager] Server::EnsureServerProcessIsRunning -- launch failed, reason: Unity was launched with the -noUpm command-line argument
[Package Manager] UpmClient::Send -- Unable to send message (not connected to UPM process).
[Package Manager] Cannot connect to Unity Package Manager local server
Mono: successfully reloaded assembly
- Finished resetting the current domain, in  1.898 seconds
Domain Reload Profiling: 4336ms
	BeginReloadAssembly (424ms)
		ExecutionOrderSort (0ms)
		DisableScriptedObjects (19ms)
		BackupInstance (0ms)
		ReleaseScriptingObjects (0ms)
		CreateAndSetChildDomain (51ms)
	RebuildCommonClasses (136ms)
	RebuildNativeTypeToScriptingClass (39ms)
	initialDomainReloadingComplete (192ms)
	LoadAllAssembliesAndSetupDomain (1645ms)
		LoadAssemblies (1090ms)
		RebuildTransferFunctionScriptingTraits (0ms)
		AnalyzeDomain (807ms)
			TypeCache.Refresh (694ms)
				TypeCache.ScanAssembly (653ms)
			ScanForSourceGeneratedMonoScriptInfo (77ms)
			ResolveRequiredComponents (30ms)
	FinalizeReload (1899ms)
		ReleaseScriptCaches (0ms)
		RebuildScriptCaches (0ms)
		SetupLoadedEditorAssemblies (1420ms)
			LogAssemblyErrors (0ms)
			InitializePlatformSupportModulesInManaged (13ms)
			SetLoadedEditorAssemblies (10ms)
			RefreshPlugins (0ms)
			BeforeProcessingInitializeOnLoad (185ms)
			ProcessInitializeOnLoadAttributes (1032ms)
			ProcessInitializeOnLoadMethodAttributes (168ms)
			AfterProcessingInitializeOnLoad (11ms)
			EditorAssembliesLoaded (0ms)
		ExecutionOrderSort2 (0ms)
		AwakeInstancesAfterBackupRestoration (16ms)
Launched and connected shader compiler UnityShaderCompiler.exe after 0.19 seconds
Refreshing native plugins compatible for Editor in 11.92 ms, found 3 plugins.
Preloading 0 native plugins for Editor in 0.00 ms.
Unloading 5457 Unused Serialized files (Serialized files now loaded: 0)
Unloading 79 unused Assets / (0.9 MB). Loaded Objects now: 5908.
Memory consumption went from 209.5 MB to 208.6 MB.
Total: 7.396300 ms (FindLiveObjects: 0.799000 ms CreateObjectMapping: 0.546900 ms MarkObjects: 5.289200 ms  DeleteObjects: 0.759400 ms)

AssetImportParameters requested are different than current active one (requested -> active):
  custom:container-demuxer-ogg: 62fdf1f143b41e24485cea50d1cbac27 -> 
  custom:video-codec-MediaFoundation-h265: 746d11721c4dcdbdad8f713fa42b33f4 -> 
  custom:video-decoder-ogg-theora: a1e56fd34408186e4bbccfd4996cb3dc -> 
  custom:framework-win-MediaFoundation: 216162199b28c13a410421893ffa2e32 -> 
  custom:CustomObjectIndexerAttribute: 72b91833f83ae208fae7752999fa3104 -> 
  custom:container-demuxer-webm: 4f35f7cbe854078d1ac9338744f61a02 -> 
  custom:container-muxer-webm: aa71ff27fc2769a1b78a27578f13a17b -> 
  custom:video-decoder-webm-vp8: 9c59270c3fd7afecdb556c50c9e8de78 -> 
  custom:SearchIndexIgnoredProperties: e643bd26f0fe6173181afceb89e7c659 -> 
  custom:AudioImporter_EditorPlatform: d09bf68614088b80899f8185d706f6e7 -> 
  custom:video-encoder-webm-vp8: eb34c28f22e8b96e1ab97ce403110664 -> 
  custom:audio-decoder-ogg-vorbis: bf7c407c2cedff20999df2af8eb42d56 -> 
  custom:audio-encoder-webm-vorbis: bf7c407c2cedff20999df2af8eb42d56 -> 
========================================================================
Received Import Request.
  Time since last request: 662410.893784 seconds.
  path: Assets/Quad.Vertex/Warehouse industrial/Materials/cardboard_mat.mat
  artifactKey: Guid(42e9a77f7310bb24c996b07be92e90f3) Importer(815301076,1909f56bfc062723c751e8b465ee728b)
Start importing Assets/Quad.Vertex/Warehouse industrial/Materials/cardboard_mat.mat using Guid(42e9a77f7310bb24c996b07be92e90f3) Importer(815301076,1909f56bfc062723c751e8b465ee728b)  -> (artifact id: '7e3340dfa3377c5403a8aa98efa0d1ae') in 0.277662 seconds
Number of updated asset objects reloaded before import = 0
Number of asset objects unloaded after import = 2
========================================================================
Received Import Request.
  Time since last request: 158.204049 seconds.
  path: Assets/Quad.Vertex/Warehouse industrial/Materials/New Universal Render Pipeline Asset.asset
  artifactKey: Guid(59a6a6154d9bfed4899eef6a7c8117b4) Importer(815301076,1909f56bfc062723c751e8b465ee728b)
Start importing Assets/Quad.Vertex/Warehouse industrial/Materials/New Universal Render Pipeline Asset.asset using Guid(59a6a6154d9bfed4899eef6a7c8117b4) Importer(815301076,1909f56bfc062723c751e8b465ee728b)  -> (artifact id: '2d91f409011cb24558960acb3d52658f') in 0.089221 seconds
Number of updated asset objects reloaded before import = 0
Number of asset objects unloaded after import = 50
========================================================================
Received Prepare
Switching render pipeline 00000000000000000000000000000000 -> 59a6a6154d9bfed4899eef6a7c8117b4
Refreshing native plugins compatible for Editor in 18.43 ms, found 3 plugins.
Preloading 0 native plugins for Editor in 0.00 ms.
Unloading 58 Unused Serialized files (Serialized files now loaded: 0)
Unloading 9 unused Assets / (0.8 MB). Loaded Objects now: 6000.
Memory consumption went from 112.0 MB to 111.2 MB.
Total: 10.549000 ms (FindLiveObjects: 0.810100 ms CreateObjectMapping: 0.819000 ms MarkObjects: 8.214800 ms  DeleteObjects: 0.700300 ms)

Prepare: number of updated asset objects reloaded= 0
AssetImportParameters requested are different than current active one (requested -> active):
  custom:container-demuxer-ogg: 62fdf1f143b41e24485cea50d1cbac27 -> 
  custom:video-codec-MediaFoundation-h265: 746d11721c4dcdbdad8f713fa42b33f4 -> 
  custom:video-decoder-ogg-theora: a1e56fd34408186e4bbccfd4996cb3dc -> 
  custom:framework-win-MediaFoundation: 216162199b28c13a410421893ffa2e32 -> 
  custom:CustomObjectIndexerAttribute: 72b91833f83ae208fae7752999fa3104 -> 
  custom:container-demuxer-webm: 4f35f7cbe854078d1ac9338744f61a02 -> 
  custom:container-muxer-webm: aa71ff27fc2769a1b78a27578f13a17b -> 
  custom:video-decoder-webm-vp8: 9c59270c3fd7afecdb556c50c9e8de78 -> 
  custom:SearchIndexIgnoredProperties: e643bd26f0fe6173181afceb89e7c659 -> 
  custom:AudioImporter_EditorPlatform: d09bf68614088b80899f8185d706f6e7 -> 
  custom:video-encoder-webm-vp8: eb34c28f22e8b96e1ab97ce403110664 -> 
  custom:audio-decoder-ogg-vorbis: bf7c407c2cedff20999df2af8eb42d56 -> 
  custom:audio-encoder-webm-vorbis: bf7c407c2cedff20999df2af8eb42d56 -> 
========================================================================
Received Import Request.
  Time since last request: 76.997378 seconds.
  path: Assets/Quad.Vertex/Warehouse industrial/Materials/cardboard_mat.mat
  artifactKey: Guid(42e9a77f7310bb24c996b07be92e90f3) Importer(815301076,1909f56bfc062723c751e8b465ee728b)
Start importing Assets/Quad.Vertex/Warehouse industrial/Materials/cardboard_mat.mat using Guid(42e9a77f7310bb24c996b07be92e90f3) Importer(815301076,1909f56bfc062723c751e8b465ee728b)  -> (artifact id: '79a6ccfa271d6778f875092de6c5ff14') in 2.373089 seconds
Number of updated asset objects reloaded before import = 1
Number of asset objects unloaded after import = 4
========================================================================
Received Import Request.
  Time since last request: 60.286701 seconds.
  path: Assets/Quad.Vertex/Warehouse industrial/Prefabs/Packs/Black_barrels.prefab
  artifactKey: Guid(27947dfcc294e8148bb4bf0a8b0796b3) Importer(815301076,1909f56bfc062723c751e8b465ee728b)
Start importing Assets/Quad.Vertex/Warehouse industrial/Prefabs/Packs/Black_barrels.prefab using Guid(27947dfcc294e8148bb4bf0a8b0796b3) Importer(815301076,1909f56bfc062723c751e8b465ee728b)  -> (artifact id: 'ba71b98ec1308ec16e848b4b790beddf') in 0.084352 seconds
Number of updated asset objects reloaded before import = 0
Number of asset objects unloaded after import = 58
========================================================================
Received Import Request.
  Time since last request: 0.000055 seconds.
  path: Assets/Quad.Vertex/Warehouse industrial/Prefabs/Packs/Wooden_boxes_2.prefab
  artifactKey: Guid(dfb46d8008a47bd489e644b26b8cc1bb) Importer(815301076,1909f56bfc062723c751e8b465ee728b)
Start importing Assets/Quad.Vertex/Warehouse industrial/Prefabs/Packs/Wooden_boxes_2.prefab using Guid(dfb46d8008a47bd489e644b26b8cc1bb) Importer(815301076,1909f56bfc062723c751e8b465ee728b)  -> (artifact id: '5dbd9466366abcd44276e85e4c715fa0') in 0.066742 seconds
Number of updated asset objects reloaded before import = 0
Number of asset objects unloaded after import = 94
========================================================================
Received Import Request.
  Time since last request: 0.000039 seconds.
  path: Assets/Quad.Vertex/Warehouse industrial/Prefabs/Packs/Wooden_boxes.prefab
  artifactKey: Guid(c07bd1971ce4f6445ba8f6da62793fe3) Importer(815301076,1909f56bfc062723c751e8b465ee728b)
Start importing Assets/Quad.Vertex/Warehouse industrial/Prefabs/Packs/Wooden_boxes.prefab using Guid(c07bd1971ce4f6445ba8f6da62793fe3) Importer(815301076,1909f56bfc062723c751e8b465ee728b)  -> (artifact id: 'ede7bfbfb537f4fe4fbdc3fa8e2b1978') in 0.040246 seconds
Number of updated asset objects reloaded before import = 0
Number of asset objects unloaded after import = 74
========================================================================
Received Import Request.
  Time since last request: 0.000068 seconds.
  path: Assets/Quad.Vertex/Warehouse industrial/Prefabs/Packs/Sacks_1.prefab
  artifactKey: Guid(1305cbe1a63197f4aa79aeabccb76f59) Importer(815301076,1909f56bfc062723c751e8b465ee728b)
Start importing Assets/Quad.Vertex/Warehouse industrial/Prefabs/Packs/Sacks_1.prefab using Guid(1305cbe1a63197f4aa79aeabccb76f59) Importer(815301076,1909f56bfc062723c751e8b465ee728b)  -> (artifact id: 'cd95ce5c98c5c20a3a4eacfeaac59f4d') in 0.043688 seconds
Number of updated asset objects reloaded before import = 0
Number of asset objects unloaded after import = 118
========================================================================
Received Import Request.
  Time since last request: 0.000045 seconds.
  path: Assets/Quad.Vertex/Warehouse industrial/Prefabs/Packs/Stand_short.prefab
  artifactKey: Guid(a9079b9e66e06764b944aa7b8bad5f65) Importer(815301076,1909f56bfc062723c751e8b465ee728b)
Start importing Assets/Quad.Vertex/Warehouse industrial/Prefabs/Packs/Stand_short.prefab using Guid(a9079b9e66e06764b944aa7b8bad5f65) Importer(815301076,1909f56bfc062723c751e8b465ee728b)  -> (artifact id: '1136117c003317d5ad66a37b98129d34') in 0.075297 seconds
Number of updated asset objects reloaded before import = 0
Number of asset objects unloaded after import = 107
========================================================================
Received Import Request.
  Time since last request: 0.000049 seconds.
  path: Assets/Quad.Vertex/Warehouse industrial/Prefabs/Packs/Boxes_8.prefab
  artifactKey: Guid(094ab2f17aa5fe443b14977205d7fbb1) Importer(815301076,1909f56bfc062723c751e8b465ee728b)
Start importing Assets/Quad.Vertex/Warehouse industrial/Prefabs/Packs/Boxes_8.prefab using Guid(094ab2f17aa5fe443b14977205d7fbb1) Importer(815301076,1909f56bfc062723c751e8b465ee728b)  -> (artifact id: '98ac9dd7d4f3f628151ba2f81678661a') in 0.068015 seconds
Number of updated asset objects reloaded before import = 0
Number of asset objects unloaded after import = 668
========================================================================
Received Import Request.
  Time since last request: 0.000044 seconds.
  path: Assets/Quad.Vertex/Warehouse industrial/Prefabs/Packs/Blue_casks.prefab
  artifactKey: Guid(092b67cabf610fb4590aa7239b699b8d) Importer(815301076,1909f56bfc062723c751e8b465ee728b)
Start importing Assets/Quad.Vertex/Warehouse industrial/Prefabs/Packs/Blue_casks.prefab using Guid(092b67cabf610fb4590aa7239b699b8d) Importer(815301076,1909f56bfc062723c751e8b465ee728b)  -> (artifact id: 'e5b6aa293f0e15bfb6a0254a77d97374') in 0.063154 seconds
Number of updated asset objects reloaded before import = 0
Number of asset objects unloaded after import = 58
========================================================================
Received Import Request.
  Time since last request: 0.000073 seconds.
  path: Assets/Quad.Vertex/Warehouse industrial/Prefabs/Packs/Pallets_pile_3.prefab
  artifactKey: Guid(5568e1187c665f844974d8c4ba91357d) Importer(815301076,1909f56bfc062723c751e8b465ee728b)
Start importing Assets/Quad.Vertex/Warehouse industrial/Prefabs/Packs/Pallets_pile_3.prefab using Guid(5568e1187c665f844974d8c4ba91357d) Importer(815301076,1909f56bfc062723c751e8b465ee728b)  -> (artifact id: 'e47b5287fbd51f48f154ece1ea51e30d') in 0.062718 seconds
Number of updated asset objects reloaded before import = 0
Number of asset objects unloaded after import = 54
========================================================================
Received Import Request.
  Time since last request: 0.000064 seconds.
  path: Assets/Quad.Vertex/Warehouse industrial/Prefabs/Packs/Red_barrels.prefab
  artifactKey: Guid(a18741e489584284b88e6491314531c3) Importer(815301076,1909f56bfc062723c751e8b465ee728b)
Start importing Assets/Quad.Vertex/Warehouse industrial/Prefabs/Packs/Red_barrels.prefab using Guid(a18741e489584284b88e6491314531c3) Importer(815301076,1909f56bfc062723c751e8b465ee728b)  -> (artifact id: '9cf7c941294c9eb6d40247e5c45e6595') in 0.062233 seconds
Number of updated asset objects reloaded before import = 0
Number of asset objects unloaded after import = 58
========================================================================
Received Import Request.
  Time since last request: 0.000050 seconds.
  path: Assets/Quad.Vertex/Warehouse industrial/Prefabs/Packs/Sacks_2.prefab
  artifactKey: Guid(4f09af1074a9f374b95b881d60d91b69) Importer(815301076,1909f56bfc062723c751e8b465ee728b)
Start importing Assets/Quad.Vertex/Warehouse industrial/Prefabs/Packs/Sacks_2.prefab using Guid(4f09af1074a9f374b95b881d60d91b69) Importer(815301076,1909f56bfc062723c751e8b465ee728b)  -> (artifact id: '0967a98f0aa8e826cd12d0ffd3bbbe71') in 0.088081 seconds
Number of updated asset objects reloaded before import = 0
Number of asset objects unloaded after import = 113
========================================================================
Received Import Request.
  Time since last request: 0.000095 seconds.
  path: Assets/Quad.Vertex/Warehouse industrial/Prefabs/Packs/Grey_casks.prefab
  artifactKey: Guid(2f51c1dbf22b52346b9bf41787c0168c) Importer(815301076,1909f56bfc062723c751e8b465ee728b)
Start importing Assets/Quad.Vertex/Warehouse industrial/Prefabs/Packs/Grey_casks.prefab using Guid(2f51c1dbf22b52346b9bf41787c0168c) Importer(815301076,1909f56bfc062723c751e8b465ee728b)  -> (artifact id: '116d40eb2da7a55f0618abdd69015e01') in 0.081743 seconds
Number of updated asset objects reloaded before import = 0
Number of asset objects unloaded after import = 58
========================================================================
Received Import Request.
  Time since last request: 0.000093 seconds.
  path: Assets/Quad.Vertex/Warehouse industrial/Prefabs/Packs/Stand_long.prefab
  artifactKey: Guid(9f43e723f6e467a48ae9d6c6f81b916a) Importer(815301076,1909f56bfc062723c751e8b465ee728b)
Start importing Assets/Quad.Vertex/Warehouse industrial/Prefabs/Packs/Stand_long.prefab using Guid(9f43e723f6e467a48ae9d6c6f81b916a) Importer(815301076,1909f56bfc062723c751e8b465ee728b)  -> (artifact id: 'b5a565b20855966ce3b7b47f9cbb4ba0') in 0.058636 seconds
Number of updated asset objects reloaded before import = 0
Number of asset objects unloaded after import = 122
========================================================================
Received Import Request.
  Time since last request: 0.000086 seconds.
  path: Assets/Quad.Vertex/Warehouse industrial/Prefabs/Packs/Boxes_2.prefab
  artifactKey: Guid(2f49005efa326024597821201f4db388) Importer(815301076,1909f56bfc062723c751e8b465ee728b)
Start importing Assets/Quad.Vertex/Warehouse industrial/Prefabs/Packs/Boxes_2.prefab using Guid(2f49005efa326024597821201f4db388) Importer(815301076,1909f56bfc062723c751e8b465ee728b)  -> (artifact id: '17c73e145b8e233f927cc8ec3d7ca17a') in 0.065182 seconds
Number of updated asset objects reloaded before import = 0
Number of asset objects unloaded after import = 94
========================================================================
Received Import Request.
  Time since last request: 0.000053 seconds.
  path: Assets/Quad.Vertex/Warehouse industrial/Prefabs/Packs/Wooden_boxes_3.prefab
  artifactKey: Guid(9f2a68efba2c96545a23bb01c54a1e4b) Importer(815301076,1909f56bfc062723c751e8b465ee728b)
Start importing Assets/Quad.Vertex/Warehouse industrial/Prefabs/Packs/Wooden_boxes_3.prefab using Guid(9f2a68efba2c96545a23bb01c54a1e4b) Importer(815301076,1909f56bfc062723c751e8b465ee728b)  -> (artifact id: 'ef44afecb655a80fa73bf4aa5ea457ca') in 0.080955 seconds
Number of updated asset objects reloaded before import = 0
Number of asset objects unloaded after import = 153
========================================================================
Received Import Request.
  Time since last request: 0.000058 seconds.
  path: Assets/Quad.Vertex/Warehouse industrial/Prefabs/Packs/Yellow_boxes.prefab
  artifactKey: Guid(45715a1d4bdca4441946c47f7c7a77f1) Importer(815301076,1909f56bfc062723c751e8b465ee728b)
Start importing Assets/Quad.Vertex/Warehouse industrial/Prefabs/Packs/Yellow_boxes.prefab using Guid(45715a1d4bdca4441946c47f7c7a77f1) Importer(815301076,1909f56bfc062723c751e8b465ee728b)  -> (artifact id: '81edff1639a8d6d90b25f3a845ccdd3a') in 0.070216 seconds
Number of updated asset objects reloaded before import = 0
Number of asset objects unloaded after import = 213
========================================================================
Received Import Request.
  Time since last request: 0.000092 seconds.
  path: Assets/Quad.Vertex/Warehouse industrial/Prefabs/Packs/Boxes_5.prefab
  artifactKey: Guid(3e50fb9e7ac44aa41bdbce460f948ae8) Importer(815301076,1909f56bfc062723c751e8b465ee728b)
Start importing Assets/Quad.Vertex/Warehouse industrial/Prefabs/Packs/Boxes_5.prefab using Guid(3e50fb9e7ac44aa41bdbce460f948ae8) Importer(815301076,1909f56bfc062723c751e8b465ee728b)  -> (artifact id: '93f978b82a8e0fd0de3c7844d3719564') in 0.062333 seconds
Number of updated asset objects reloaded before import = 0
Number of asset objects unloaded after import = 198
========================================================================
Received Import Request.
  Time since last request: 0.000073 seconds.
  path: Assets/Quad.Vertex/Warehouse industrial/Prefabs/Packs/Boxes_1.prefab
  artifactKey: Guid(f9ca56b55f9811a46bba3ffce9b906a7) Importer(815301076,1909f56bfc062723c751e8b465ee728b)
Start importing Assets/Quad.Vertex/Warehouse industrial/Prefabs/Packs/Boxes_1.prefab using Guid(f9ca56b55f9811a46bba3ffce9b906a7) Importer(815301076,1909f56bfc062723c751e8b465ee728b)  -> (artifact id: '664de0eac19ffc9f1b247864078b634f') in 0.067399 seconds
Number of updated asset objects reloaded before import = 0
Number of asset objects unloaded after import = 81
========================================================================
Received Import Request.
  Time since last request: 0.000064 seconds.
  path: Assets/Quad.Vertex/Warehouse industrial/Prefabs/Packs/Green_barrels.prefab
  artifactKey: Guid(5427908352f77af43a58db549fca792c) Importer(815301076,1909f56bfc062723c751e8b465ee728b)
Start importing Assets/Quad.Vertex/Warehouse industrial/Prefabs/Packs/Green_barrels.prefab using Guid(5427908352f77af43a58db549fca792c) Importer(815301076,1909f56bfc062723c751e8b465ee728b)  -> (artifact id: '30dde9a937317c4a5dd4e944ba5f62f0') in 0.087135 seconds
Number of updated asset objects reloaded before import = 0
Number of asset objects unloaded after import = 58
========================================================================
Received Import Request.
  Time since last request: 0.000056 seconds.
  path: Assets/Quad.Vertex/Warehouse industrial/Prefabs/Packs/Pallets_pile.prefab
  artifactKey: Guid(aaf84116b2276e543975c9bba5679c42) Importer(815301076,1909f56bfc062723c751e8b465ee728b)
Start importing Assets/Quad.Vertex/Warehouse industrial/Prefabs/Packs/Pallets_pile.prefab using Guid(aaf84116b2276e543975c9bba5679c42) Importer(815301076,1909f56bfc062723c751e8b465ee728b)  -> (artifact id: 'b8d9c0bc8ef2bbc85af9f1e3ae1503de') in 0.063429 seconds
Number of updated asset objects reloaded before import = 0
Number of asset objects unloaded after import = 50
========================================================================
Received Import Request.
  Time since last request: 0.000067 seconds.
  path: Assets/Quad.Vertex/Warehouse industrial/Prefabs/Packs/Pallets_pile_2.prefab
  artifactKey: Guid(ce868f3cee83ef448af408d38d69e6bd) Importer(815301076,1909f56bfc062723c751e8b465ee728b)
Start importing Assets/Quad.Vertex/Warehouse industrial/Prefabs/Packs/Pallets_pile_2.prefab using Guid(ce868f3cee83ef448af408d38d69e6bd) Importer(815301076,1909f56bfc062723c751e8b465ee728b)  -> (artifact id: 'fbbb26e26338c0fe8d213d84f86ae3b4') in 0.052849 seconds
Number of updated asset objects reloaded before import = 0
Number of asset objects unloaded after import = 44
========================================================================
Received Import Request.
  Time since last request: 61.681925 seconds.
  path: Assets/Scenes/MenuListenner.prefab
  artifactKey: Guid(30ba7bfcb3c8940719fd98b526f21810) Importer(815301076,1909f56bfc062723c751e8b465ee728b)
Start importing Assets/Scenes/MenuListenner.prefab using Guid(30ba7bfcb3c8940719fd98b526f21810) Importer(815301076,1909f56bfc062723c751e8b465ee728b)  -> (artifact id: '9300e3eff14c20db4207255ca61f0a8d') in 0.114971 seconds
Number of updated asset objects reloaded before import = 0
Number of asset objects unloaded after import = 23
========================================================================
Received Prepare
Refreshing native plugins compatible for Editor in 8.85 ms, found 3 plugins.
Preloading 0 native plugins for Editor in 0.00 ms.
Unloading 6 Unused Serialized files (Serialized files now loaded: 0)
Unloading 6 unused Assets / (428.6 KB). Loaded Objects now: 6099.
Memory consumption went from 114.3 MB to 113.9 MB.
Total: 12.474600 ms (FindLiveObjects: 0.682100 ms CreateObjectMapping: 0.366500 ms MarkObjects: 11.143100 ms  DeleteObjects: 0.281200 ms)

Prepare: number of updated asset objects reloaded= 0
AssetImportParameters requested are different than current active one (requested -> active):
  custom:container-demuxer-ogg: 62fdf1f143b41e24485cea50d1cbac27 -> 
  custom:video-codec-MediaFoundation-h265: 746d11721c4dcdbdad8f713fa42b33f4 -> 
  custom:video-decoder-ogg-theora: a1e56fd34408186e4bbccfd4996cb3dc -> 
  custom:framework-win-MediaFoundation: 216162199b28c13a410421893ffa2e32 -> 
  custom:CustomObjectIndexerAttribute: 72b91833f83ae208fae7752999fa3104 -> 
  custom:container-demuxer-webm: 4f35f7cbe854078d1ac9338744f61a02 -> 
  custom:container-muxer-webm: aa71ff27fc2769a1b78a27578f13a17b -> 
  custom:video-decoder-webm-vp8: 9c59270c3fd7afecdb556c50c9e8de78 -> 
  custom:SearchIndexIgnoredProperties: e643bd26f0fe6173181afceb89e7c659 -> 
  custom:AudioImporter_EditorPlatform: d09bf68614088b80899f8185d706f6e7 -> 
  custom:video-encoder-webm-vp8: eb34c28f22e8b96e1ab97ce403110664 -> 
  custom:audio-decoder-ogg-vorbis: bf7c407c2cedff20999df2af8eb42d56 -> 
  custom:audio-encoder-webm-vorbis: bf7c407c2cedff20999df2af8eb42d56 -> 
