Using pre-set license
Built from '2022.3/staging' branch; Version is '2022.3.29f1 (8d510ca76d2b) revision 9261324'; Using compiler version '192829333'; Build Type 'Release'
OS: 'Windows 11  (10.0.26100) 64bit Professional' Language: 'de' Physical Memory: 16081 MB
BatchMode: 1, IsHumanControllingUs: 0, StartBugReporterOnCrash: 0, Is64bit: 1, IsPro: 1

COMMAND LINE ARGUMENTS:
C:\Program Files\Unity\Hub\Editor\2022.3.29f1\Editor\Unity.exe
-adb2
-batchMode
-noUpm
-name
AssetImportWorker1
-projectPath
C:/Users/SimonGrabar/Documents/GIT/mobotic/mobotic
-logFile
Logs/AssetImportWorker1.log
-srvPort
55579
Successfully changed project path to: C:/Users/SimonGrabar/Documents/GIT/mobotic/mobotic
C:/Users/SimonGrabar/Documents/GIT/mobotic/mobotic
[UnityMemory] Configuration Parameters - Can be set up in boot.config
    "memorysetup-bucket-allocator-granularity=16"
    "memorysetup-bucket-allocator-bucket-count=8"
    "memorysetup-bucket-allocator-block-size=33554432"
    "memorysetup-bucket-allocator-block-count=8"
    "memorysetup-main-allocator-block-size=16777216"
    "memorysetup-thread-allocator-block-size=16777216"
    "memorysetup-gfx-main-allocator-block-size=16777216"
    "memorysetup-gfx-thread-allocator-block-size=16777216"
    "memorysetup-cache-allocator-block-size=4194304"
    "memorysetup-typetree-allocator-block-size=2097152"
    "memorysetup-profiler-bucket-allocator-granularity=16"
    "memorysetup-profiler-bucket-allocator-bucket-count=8"
    "memorysetup-profiler-bucket-allocator-block-size=33554432"
    "memorysetup-profiler-bucket-allocator-block-count=8"
    "memorysetup-profiler-allocator-block-size=16777216"
    "memorysetup-profiler-editor-allocator-block-size=1048576"
    "memorysetup-temp-allocator-size-main=16777216"
    "memorysetup-job-temp-allocator-block-size=2097152"
    "memorysetup-job-temp-allocator-block-size-background=1048576"
    "memorysetup-job-temp-allocator-reduction-small-platforms=262144"
    "memorysetup-allocator-temp-initial-block-size-main=262144"
    "memorysetup-allocator-temp-initial-block-size-worker=262144"
    "memorysetup-temp-allocator-size-background-worker=32768"
    "memorysetup-temp-allocator-size-job-worker=262144"
    "memorysetup-temp-allocator-size-preload-manager=33554432"
    "memorysetup-temp-allocator-size-nav-mesh-worker=65536"
    "memorysetup-temp-allocator-size-audio-worker=65536"
    "memorysetup-temp-allocator-size-cloud-worker=32768"
    "memorysetup-temp-allocator-size-gi-baking-worker=262144"
    "memorysetup-temp-allocator-size-gfx=262144"
Player connection [6920] Host "[IP] 192.168.58.1 [Port] 0 [Flags] 2 [Guid] 351524705 [EditorId] 351524705 [Version] 1048832 [Id] WindowsEditor(7,PC-GRABAR) [Debug] 1 [PackageName] WindowsEditor [ProjectName] Editor" joined multi-casting on [225.0.0.222:54997]...

Player connection [6920] Host "[IP] 192.168.58.1 [Port] 0 [Flags] 2 [Guid] 351524705 [EditorId] 351524705 [Version] 1048832 [Id] WindowsEditor(7,PC-GRABAR) [Debug] 1 [PackageName] WindowsEditor [ProjectName] Editor" joined alternative multi-casting on [225.0.0.222:34997]...

[Physics::Module] Initialized MultithreadedJobDispatcher with 11 workers.
Refreshing native plugins compatible for Editor in 26.70 ms, found 3 plugins.
Preloading 0 native plugins for Editor in 0.00 ms.
Initialize engine version: 2022.3.29f1 (8d510ca76d2b)
[Subsystems] Discovering subsystems at path C:/Program Files/Unity/Hub/Editor/2022.3.29f1/Editor/Data/Resources/UnitySubsystems
[Subsystems] Discovering subsystems at path C:/Users/SimonGrabar/Documents/GIT/mobotic/mobotic/Assets
GfxDevice: creating device client; threaded=0; jobified=0
Direct3D:
    Version:  Direct3D 11.0 [level 11.1]
    Renderer: Intel(R) Iris(R) Xe Graphics (ID=0x46a8)
    Vendor:   Intel
    VRAM:     8040 MB
    Driver:   31.0.101.5590
Initialize mono
Mono path[0] = 'C:/Program Files/Unity/Hub/Editor/2022.3.29f1/Editor/Data/Managed'
Mono path[1] = 'C:/Program Files/Unity/Hub/Editor/2022.3.29f1/Editor/Data/MonoBleedingEdge/lib/mono/unityjit-win32'
Mono config path = 'C:/Program Files/Unity/Hub/Editor/2022.3.29f1/Editor/Data/MonoBleedingEdge/etc'
Using monoOptions --debugger-agent=transport=dt_socket,embedding=1,server=y,suspend=n,address=127.0.0.1:56316
Begin MonoManager ReloadAssembly
Registering precompiled unity dll's ...
Register platform support module: C:/Program Files/Unity/Hub/Editor/2022.3.29f1/Editor/Data/PlaybackEngines/WindowsStandaloneSupport/UnityEditor.WindowsStandalone.Extensions.dll
Registered in 0.018052 seconds.
- Loaded All Assemblies, in  1.082 seconds
Native extension for WindowsStandalone target not found
Mono: successfully reloaded assembly
- Finished resetting the current domain, in  0.868 seconds
Domain Reload Profiling: 1950ms
	BeginReloadAssembly (349ms)
		ExecutionOrderSort (0ms)
		DisableScriptedObjects (0ms)
		BackupInstance (0ms)
		ReleaseScriptingObjects (0ms)
		CreateAndSetChildDomain (2ms)
	RebuildCommonClasses (97ms)
	RebuildNativeTypeToScriptingClass (34ms)
	initialDomainReloadingComplete (176ms)
	LoadAllAssembliesAndSetupDomain (422ms)
		LoadAssemblies (342ms)
		RebuildTransferFunctionScriptingTraits (0ms)
		AnalyzeDomain (417ms)
			TypeCache.Refresh (414ms)
				TypeCache.ScanAssembly (380ms)
			ScanForSourceGeneratedMonoScriptInfo (1ms)
			ResolveRequiredComponents (1ms)
	FinalizeReload (872ms)
		ReleaseScriptCaches (0ms)
		RebuildScriptCaches (0ms)
		SetupLoadedEditorAssemblies (682ms)
			LogAssemblyErrors (0ms)
			InitializePlatformSupportModulesInManaged (26ms)
			SetLoadedEditorAssemblies (27ms)
			RefreshPlugins (0ms)
			BeforeProcessingInitializeOnLoad (6ms)
			ProcessInitializeOnLoadAttributes (465ms)
			ProcessInitializeOnLoadMethodAttributes (158ms)
			AfterProcessingInitializeOnLoad (0ms)
			EditorAssembliesLoaded (0ms)
		ExecutionOrderSort2 (0ms)
		AwakeInstancesAfterBackupRestoration (0ms)
========================================================================
Worker process is ready to serve import requests
Begin MonoManager ReloadAssembly
- Loaded All Assemblies, in  2.226 seconds
Refreshing native plugins compatible for Editor in 19.05 ms, found 3 plugins.
Native extension for WindowsStandalone target not found
Package Manager log level set to [2]
[Package Manager] Server::EnsureServerProcessIsRunning -- launch failed, reason: Unity was launched with the -noUpm command-line argument
[Package Manager] UpmClient::Send -- Unable to send message (not connected to UPM process).
[Package Manager] Cannot connect to Unity Package Manager local server
Mono: successfully reloaded assembly
- Finished resetting the current domain, in  1.847 seconds
Domain Reload Profiling: 4067ms
	BeginReloadAssembly (476ms)
		ExecutionOrderSort (0ms)
		DisableScriptedObjects (17ms)
		BackupInstance (0ms)
		ReleaseScriptingObjects (0ms)
		CreateAndSetChildDomain (48ms)
	RebuildCommonClasses (113ms)
	RebuildNativeTypeToScriptingClass (32ms)
	initialDomainReloadingComplete (148ms)
	LoadAllAssembliesAndSetupDomain (1449ms)
		LoadAssemblies (1184ms)
		RebuildTransferFunctionScriptingTraits (0ms)
		AnalyzeDomain (569ms)
			TypeCache.Refresh (519ms)
				TypeCache.ScanAssembly (482ms)
			ScanForSourceGeneratedMonoScriptInfo (34ms)
			ResolveRequiredComponents (12ms)
	FinalizeReload (1849ms)
		ReleaseScriptCaches (0ms)
		RebuildScriptCaches (0ms)
		SetupLoadedEditorAssemblies (1336ms)
			LogAssemblyErrors (0ms)
			InitializePlatformSupportModulesInManaged (14ms)
			SetLoadedEditorAssemblies (13ms)
			RefreshPlugins (0ms)
			BeforeProcessingInitializeOnLoad (155ms)
			ProcessInitializeOnLoadAttributes (1051ms)
			ProcessInitializeOnLoadMethodAttributes (74ms)
			AfterProcessingInitializeOnLoad (30ms)
			EditorAssembliesLoaded (0ms)
		ExecutionOrderSort2 (0ms)
		AwakeInstancesAfterBackupRestoration (45ms)
Launched and connected shader compiler UnityShaderCompiler.exe after 0.32 seconds
Refreshing native plugins compatible for Editor in 7.65 ms, found 3 plugins.
Preloading 0 native plugins for Editor in 0.00 ms.
Unloading 3546 Unused Serialized files (Serialized files now loaded: 0)
Unloading 41 unused Assets / (185.3 KB). Loaded Objects now: 4005.
Memory consumption went from 138.8 MB to 138.6 MB.
Total: 7.740100 ms (FindLiveObjects: 0.514000 ms CreateObjectMapping: 0.285300 ms MarkObjects: 6.464800 ms  DeleteObjects: 0.472900 ms)

AssetImportParameters requested are different than current active one (requested -> active):
  custom:container-demuxer-ogg: 62fdf1f143b41e24485cea50d1cbac27 -> 
  custom:video-codec-MediaFoundation-h265: 746d11721c4dcdbdad8f713fa42b33f4 -> 
  custom:video-decoder-ogg-theora: a1e56fd34408186e4bbccfd4996cb3dc -> 
  custom:framework-win-MediaFoundation: 216162199b28c13a410421893ffa2e32 -> 
  custom:CustomObjectIndexerAttribute: 9a22284fe3817be447336de3de66b15e -> 
  custom:container-demuxer-webm: 4f35f7cbe854078d1ac9338744f61a02 -> 
  custom:container-muxer-webm: aa71ff27fc2769a1b78a27578f13a17b -> 
  custom:video-decoder-webm-vp8: 9c59270c3fd7afecdb556c50c9e8de78 -> 
  custom:SearchIndexIgnoredProperties: e643bd26f0fe6173181afceb89e7c659 -> 
  custom:AudioImporter_EditorPlatform: d09bf68614088b80899f8185d706f6e7 -> 
  custom:video-encoder-webm-vp8: eb34c28f22e8b96e1ab97ce403110664 -> 
  custom:audio-decoder-ogg-vorbis: bf7c407c2cedff20999df2af8eb42d56 -> 
  custom:audio-encoder-webm-vorbis: bf7c407c2cedff20999df2af8eb42d56 -> 
========================================================================
Received Import Request.
  Time since last request: 658001.625334 seconds.
  path: Assets/piece 2.prefab
  artifactKey: Guid(593e27445d78b4eb0b5ba58c142f8a82) Importer(815301076,1909f56bfc062723c751e8b465ee728b)
Start importing Assets/piece 2.prefab using Guid(593e27445d78b4eb0b5ba58c142f8a82) Importer(815301076,1909f56bfc062723c751e8b465ee728b)  -> (artifact id: '47739df129283bea5a39c39f67bbe389') in 1.674599 seconds
Number of updated asset objects reloaded before import = 0
Number of asset objects unloaded after import = 11
========================================================================
Received Import Request.
  Time since last request: 1141.306638 seconds.
  path: Assets/forkliftMats/blue.mat
  artifactKey: Guid(d1f9cc071126e45fc9f59dd22a2b7666) Importer(815301076,1909f56bfc062723c751e8b465ee728b)
Start importing Assets/forkliftMats/blue.mat using Guid(d1f9cc071126e45fc9f59dd22a2b7666) Importer(815301076,1909f56bfc062723c751e8b465ee728b)  -> (artifact id: '130c84cb32531e2a6c44d9255a449508') in 0.891635 seconds
Number of updated asset objects reloaded before import = 0
Number of asset objects unloaded after import = 1
========================================================================
Received Import Request.
  Time since last request: 46.180083 seconds.
  path: Assets/pallet/textures/legno_1_normal.jpeg
  artifactKey: Guid(2443fdb5ef5df41fea7ddf61520a912f) Importer(815301076,1909f56bfc062723c751e8b465ee728b)
Start importing Assets/pallet/textures/legno_1_normal.jpeg using Guid(2443fdb5ef5df41fea7ddf61520a912f) Importer(815301076,1909f56bfc062723c751e8b465ee728b)  -> (artifact id: '3d8e6b4da43388ca32404d278ba41061') in 0.165307 seconds
Number of updated asset objects reloaded before import = 0
Number of asset objects unloaded after import = 2
========================================================================
Received Import Request.
  Time since last request: 0.000612 seconds.
  path: Assets/pallet/textures/legno_1_roughness.jpeg
  artifactKey: Guid(5f5d81cf21cb84da1b4170f3ffce44d3) Importer(815301076,1909f56bfc062723c751e8b465ee728b)
Start importing Assets/pallet/textures/legno_1_roughness.jpeg using Guid(5f5d81cf21cb84da1b4170f3ffce44d3) Importer(815301076,1909f56bfc062723c751e8b465ee728b)  -> (artifact id: 'fd14f866fbc752b9f940327e98461de8') in 0.032474 seconds
Number of updated asset objects reloaded before import = 0
Number of asset objects unloaded after import = 2
========================================================================
Received Import Request.
  Time since last request: 85.764366 seconds.
  path: Assets/3DModels/DD501.fbx
  artifactKey: Guid(65b96b9deab6649bdbfe7fb8cf9258e3) Importer(815301076,1909f56bfc062723c751e8b465ee728b)
Start importing Assets/3DModels/DD501.fbx using Guid(65b96b9deab6649bdbfe7fb8cf9258e3) Importer(815301076,1909f56bfc062723c751e8b465ee728b)  -> (artifact id: '25dada4248dce805a4fa2c0e97478aa9') in 0.366762 seconds
Number of updated asset objects reloaded before import = 0
Number of asset objects unloaded after import = 21
========================================================================
Received Import Request.
  Time since last request: 0.000070 seconds.
  path: Assets/3DModels/STO-1200-380-PGR_Unity.fbx
  artifactKey: Guid(442c538e80b5b42e69a302b29a2436f4) Importer(815301076,1909f56bfc062723c751e8b465ee728b)
Start importing Assets/3DModels/STO-1200-380-PGR_Unity.fbx using Guid(442c538e80b5b42e69a302b29a2436f4) Importer(815301076,1909f56bfc062723c751e8b465ee728b)  -> (artifact id: '0924fb719bf91f431677bb6ada109d0b') in 0.310466 seconds
Number of updated asset objects reloaded before import = 0
Number of asset objects unloaded after import = 28
========================================================================
Received Import Request.
  Time since last request: 0.000081 seconds.
  path: Assets/3DModels/STO-800-560-Rev2 Unity.fbx
  artifactKey: Guid(a94f9912193cd4ac997bf7dd330b4134) Importer(815301076,1909f56bfc062723c751e8b465ee728b)
Start importing Assets/3DModels/STO-800-560-Rev2 Unity.fbx using Guid(a94f9912193cd4ac997bf7dd330b4134) Importer(815301076,1909f56bfc062723c751e8b465ee728b)  -> (artifact id: 'e87c18933152965d0d9f9013ae1c4d2e') in 0.280889 seconds
Number of updated asset objects reloaded before import = 0
Number of asset objects unloaded after import = 27
========================================================================
Received Import Request.
  Time since last request: 45.187630 seconds.
  path: Assets/Quad.Vertex/Warehouse industrial/Prefabs/Decor/barrel_water_1.prefab
  artifactKey: Guid(779670d34670b7f4287eba51dc6b3e11) Importer(815301076,1909f56bfc062723c751e8b465ee728b)
Start importing Assets/Quad.Vertex/Warehouse industrial/Prefabs/Decor/barrel_water_1.prefab using Guid(779670d34670b7f4287eba51dc6b3e11) Importer(815301076,1909f56bfc062723c751e8b465ee728b)  -> (artifact id: '1dde24845c1725fe7f9875a9db7f5978') in 0.040473 seconds
Number of updated asset objects reloaded before import = 0
Number of asset objects unloaded after import = 9
========================================================================
Received Import Request.
  Time since last request: 0.000038 seconds.
  path: Assets/TextMesh Pro/Examples & Extras/Resources/Fonts & Materials/Electronic Highway Sign SDF.asset
  artifactKey: Guid(dc36b3fdc14f47ebb36fd484a67e268a) Importer(815301076,1909f56bfc062723c751e8b465ee728b)
Start importing Assets/TextMesh Pro/Examples & Extras/Resources/Fonts & Materials/Electronic Highway Sign SDF.asset using Guid(dc36b3fdc14f47ebb36fd484a67e268a) Importer(815301076,1909f56bfc062723c751e8b465ee728b)  -> (artifact id: '3dfc86aa9080edbd691cac8a030c34e5') in 0.191362 seconds
Number of updated asset objects reloaded before import = 0
Number of asset objects unloaded after import = 6
========================================================================
Received Import Request.
  Time since last request: 0.000051 seconds.
  path: Assets/TextMesh Pro/Examples & Extras/Fonts/Oswald-Bold.ttf
  artifactKey: Guid(c9f6d0e7bc8541498c9a4799ba184ede) Importer(815301076,1909f56bfc062723c751e8b465ee728b)
Start importing Assets/TextMesh Pro/Examples & Extras/Fonts/Oswald-Bold.ttf using Guid(c9f6d0e7bc8541498c9a4799ba184ede) Importer(815301076,1909f56bfc062723c751e8b465ee728b)  -> (artifact id: '3fd36cedd4f18c58e293a9a7d7dea117') in 0.064670 seconds
Number of updated asset objects reloaded before import = 0
Number of asset objects unloaded after import = 4
========================================================================
Received Import Request.
  Time since last request: 0.000077 seconds.
  path: Assets/Quad.Vertex/Warehouse industrial/Prefabs/Walls/wall_1_neat.prefab
  artifactKey: Guid(a87833494c0dd1e46801c24485cd7345) Importer(815301076,1909f56bfc062723c751e8b465ee728b)
Start importing Assets/Quad.Vertex/Warehouse industrial/Prefabs/Walls/wall_1_neat.prefab using Guid(a87833494c0dd1e46801c24485cd7345) Importer(815301076,1909f56bfc062723c751e8b465ee728b)  -> (artifact id: 'e79a14f00801290de70422356c521c6e') in 0.046106 seconds
Number of updated asset objects reloaded before import = 0
Number of asset objects unloaded after import = 9
========================================================================
Received Import Request.
  Time since last request: 0.000038 seconds.
  path: Assets/Quad.Vertex/Warehouse industrial/Prefabs/Decor/barrel_water_2.prefab
  artifactKey: Guid(f0f0d4b5ca9f6cc4ebbba6c4a7d6ca15) Importer(815301076,1909f56bfc062723c751e8b465ee728b)
Start importing Assets/Quad.Vertex/Warehouse industrial/Prefabs/Decor/barrel_water_2.prefab using Guid(f0f0d4b5ca9f6cc4ebbba6c4a7d6ca15) Importer(815301076,1909f56bfc062723c751e8b465ee728b)  -> (artifact id: '96b5068cce2b676988ba25e6b99de532') in 0.035073 seconds
Number of updated asset objects reloaded before import = 0
Number of asset objects unloaded after import = 9
========================================================================
Received Import Request.
  Time since last request: 0.000038 seconds.
  path: Assets/Quad.Vertex/Warehouse industrial/Prefabs/Walls/wall_2_neat.prefab
  artifactKey: Guid(f805594a8043aaa4492ed56cba9fd5b3) Importer(815301076,1909f56bfc062723c751e8b465ee728b)
Start importing Assets/Quad.Vertex/Warehouse industrial/Prefabs/Walls/wall_2_neat.prefab using Guid(f805594a8043aaa4492ed56cba9fd5b3) Importer(815301076,1909f56bfc062723c751e8b465ee728b)  -> (artifact id: '2997899f29ca417743d0dcf07b75af77') in 0.032996 seconds
Number of updated asset objects reloaded before import = 0
Number of asset objects unloaded after import = 9
========================================================================
Received Import Request.
  Time since last request: 0.000035 seconds.
  path: Assets/Quad.Vertex/Warehouse industrial/Prefabs/Decor/barrel_water_3.prefab
  artifactKey: Guid(a934c0922800ac9449d552b958148001) Importer(815301076,1909f56bfc062723c751e8b465ee728b)
Start importing Assets/Quad.Vertex/Warehouse industrial/Prefabs/Decor/barrel_water_3.prefab using Guid(a934c0922800ac9449d552b958148001) Importer(815301076,1909f56bfc062723c751e8b465ee728b)  -> (artifact id: 'efb528fccfe066817092a291185ab7c2') in 0.033393 seconds
Number of updated asset objects reloaded before import = 0
Number of asset objects unloaded after import = 9
========================================================================
Received Import Request.
  Time since last request: 0.000040 seconds.
  path: Assets/TextMesh Pro/Examples & Extras/Fonts/Electronic Highway Sign.TTF
  artifactKey: Guid(8a2b9e2a607dd2143b58c44bc32410b4) Importer(815301076,1909f56bfc062723c751e8b465ee728b)
Start importing Assets/TextMesh Pro/Examples & Extras/Fonts/Electronic Highway Sign.TTF using Guid(8a2b9e2a607dd2143b58c44bc32410b4) Importer(815301076,1909f56bfc062723c751e8b465ee728b)  -> (artifact id: 'f93019e763b134649657821480d2ce08') in 0.031438 seconds
Number of updated asset objects reloaded before import = 0
Number of asset objects unloaded after import = 4
========================================================================
Received Import Request.
  Time since last request: 0.000034 seconds.
  path: Assets/Quad.Vertex/Warehouse industrial/Prefabs/Decor/compensator_wall.prefab
  artifactKey: Guid(e86d543f63f733c46bd027c27df63923) Importer(815301076,1909f56bfc062723c751e8b465ee728b)
Start importing Assets/Quad.Vertex/Warehouse industrial/Prefabs/Decor/compensator_wall.prefab using Guid(e86d543f63f733c46bd027c27df63923) Importer(815301076,1909f56bfc062723c751e8b465ee728b)  -> (artifact id: '69688f0d1c0ba3c0b419b6b0b852d380') in 0.035932 seconds
Number of updated asset objects reloaded before import = 0
Number of asset objects unloaded after import = 9
========================================================================
Received Import Request.
  Time since last request: 0.000056 seconds.
  path: Assets/TextMesh Pro/Examples & Extras/Resources/Fonts & Materials/Oswald Bold SDF.asset
  artifactKey: Guid(0161d805a3764c089bef00bfe00793f5) Importer(815301076,1909f56bfc062723c751e8b465ee728b)
Start importing Assets/TextMesh Pro/Examples & Extras/Resources/Fonts & Materials/Oswald Bold SDF.asset using Guid(0161d805a3764c089bef00bfe00793f5) Importer(815301076,1909f56bfc062723c751e8b465ee728b)  -> (artifact id: 'd024ee6e47bb8d6c5d2358e9a0e1edfb') in 0.070138 seconds
Number of updated asset objects reloaded before import = 0
Number of asset objects unloaded after import = 6
========================================================================
Received Import Request.
  Time since last request: 0.000064 seconds.
  path: Assets/Quad.Vertex/Warehouse industrial/Meshes/walls.fbx
  artifactKey: Guid(89100c8e328c38147b2d172aec21f5b0) Importer(815301076,1909f56bfc062723c751e8b465ee728b)
Start importing Assets/Quad.Vertex/Warehouse industrial/Meshes/walls.fbx using Guid(89100c8e328c38147b2d172aec21f5b0) Importer(815301076,1909f56bfc062723c751e8b465ee728b)  -> (artifact id: 'f1c7503e16496387073857098b83b836') in 0.211598 seconds
Number of updated asset objects reloaded before import = 0
Number of asset objects unloaded after import = 34
========================================================================
Received Import Request.
  Time since last request: 0.000044 seconds.
  path: Assets/Quad.Vertex/Warehouse industrial/Prefabs/Walls/wall_1_garage.prefab
  artifactKey: Guid(c92a2aaf252845f4fb556a1bfacbcab2) Importer(815301076,1909f56bfc062723c751e8b465ee728b)
Start importing Assets/Quad.Vertex/Warehouse industrial/Prefabs/Walls/wall_1_garage.prefab using Guid(c92a2aaf252845f4fb556a1bfacbcab2) Importer(815301076,1909f56bfc062723c751e8b465ee728b)  -> (artifact id: 'f7895095f25a040d05b675c292486766') in 0.038186 seconds
Number of updated asset objects reloaded before import = 0
Number of asset objects unloaded after import = 9
========================================================================
Received Prepare
Begin MonoManager ReloadAssembly
- Loaded All Assemblies, in  3.266 seconds
Refreshing native plugins compatible for Editor in 31.79 ms, found 3 plugins.
Native extension for WindowsStandalone target not found
[Package Manager] Server::EnsureServerProcessIsRunning -- launch failed, reason: Unity was launched with the -noUpm command-line argument
[Package Manager] UpmClient::Send -- Unable to send message (not connected to UPM process).
[Package Manager] Cannot connect to Unity Package Manager local server
Mono: successfully reloaded assembly
- Finished resetting the current domain, in  8.444 seconds
Domain Reload Profiling: 11704ms
	BeginReloadAssembly (1321ms)
		ExecutionOrderSort (0ms)
		DisableScriptedObjects (35ms)
		BackupInstance (0ms)
		ReleaseScriptingObjects (0ms)
		CreateAndSetChildDomain (565ms)
	RebuildCommonClasses (109ms)
	RebuildNativeTypeToScriptingClass (31ms)
	initialDomainReloadingComplete (93ms)
	LoadAllAssembliesAndSetupDomain (1703ms)
		LoadAssemblies (1977ms)
		RebuildTransferFunctionScriptingTraits (0ms)
		AnalyzeDomain (148ms)
			TypeCache.Refresh (94ms)
				TypeCache.ScanAssembly (0ms)
			ScanForSourceGeneratedMonoScriptInfo (2ms)
			ResolveRequiredComponents (47ms)
	FinalizeReload (8446ms)
		ReleaseScriptCaches (0ms)
		RebuildScriptCaches (0ms)
		SetupLoadedEditorAssemblies (2678ms)
			LogAssemblyErrors (0ms)
			InitializePlatformSupportModulesInManaged (54ms)
			SetLoadedEditorAssemblies (33ms)
			RefreshPlugins (0ms)
			BeforeProcessingInitializeOnLoad (337ms)
			ProcessInitializeOnLoadAttributes (2113ms)
			ProcessInitializeOnLoadMethodAttributes (121ms)
			AfterProcessingInitializeOnLoad (17ms)
			EditorAssembliesLoaded (1ms)
		ExecutionOrderSort2 (0ms)
		AwakeInstancesAfterBackupRestoration (44ms)
Refreshing native plugins compatible for Editor in 12.47 ms, found 3 plugins.
Preloading 0 native plugins for Editor in 0.00 ms.
Unloading 3508 Unused Serialized files (Serialized files now loaded: 0)
Unloading 28 unused Assets / (132.1 KB). Loaded Objects now: 4060.
Memory consumption went from 137.6 MB to 137.4 MB.
Total: 10.234800 ms (FindLiveObjects: 0.450700 ms CreateObjectMapping: 0.208800 ms MarkObjects: 9.290200 ms  DeleteObjects: 0.282100 ms)

Prepare: number of updated asset objects reloaded= 0
AssetImportParameters requested are different than current active one (requested -> active):
  custom:container-demuxer-ogg: 62fdf1f143b41e24485cea50d1cbac27 -> 
  custom:video-codec-MediaFoundation-h265: 746d11721c4dcdbdad8f713fa42b33f4 -> 
  custom:video-decoder-ogg-theora: a1e56fd34408186e4bbccfd4996cb3dc -> 
  custom:framework-win-MediaFoundation: 216162199b28c13a410421893ffa2e32 -> 
  custom:CustomObjectIndexerAttribute: 9a22284fe3817be447336de3de66b15e -> 
  custom:container-demuxer-webm: 4f35f7cbe854078d1ac9338744f61a02 -> 
  custom:container-muxer-webm: aa71ff27fc2769a1b78a27578f13a17b -> 
  custom:video-decoder-webm-vp8: 9c59270c3fd7afecdb556c50c9e8de78 -> 
  custom:SearchIndexIgnoredProperties: e643bd26f0fe6173181afceb89e7c659 -> 
  custom:AudioImporter_EditorPlatform: d09bf68614088b80899f8185d706f6e7 -> 
  custom:video-encoder-webm-vp8: eb34c28f22e8b96e1ab97ce403110664 -> 
  custom:audio-decoder-ogg-vorbis: bf7c407c2cedff20999df2af8eb42d56 -> 
  custom:audio-encoder-webm-vorbis: bf7c407c2cedff20999df2af8eb42d56 -> 
========================================================================
Received Prepare
Begin MonoManager ReloadAssembly
- Loaded All Assemblies, in  1.291 seconds
Refreshing native plugins compatible for Editor in 11.96 ms, found 3 plugins.
Native extension for WindowsStandalone target not found
[Package Manager] Server::EnsureServerProcessIsRunning -- launch failed, reason: Unity was launched with the -noUpm command-line argument
[Package Manager] UpmClient::Send -- Unable to send message (not connected to UPM process).
[Package Manager] Cannot connect to Unity Package Manager local server
Mono: successfully reloaded assembly
- Finished resetting the current domain, in  3.362 seconds
Domain Reload Profiling: 4648ms
	BeginReloadAssembly (375ms)
		ExecutionOrderSort (0ms)
		DisableScriptedObjects (14ms)
		BackupInstance (0ms)
		ReleaseScriptingObjects (0ms)
		CreateAndSetChildDomain (67ms)
	RebuildCommonClasses (107ms)
	RebuildNativeTypeToScriptingClass (26ms)
	initialDomainReloadingComplete (86ms)
	LoadAllAssembliesAndSetupDomain (691ms)
		LoadAssemblies (884ms)
		RebuildTransferFunctionScriptingTraits (0ms)
		AnalyzeDomain (37ms)
			TypeCache.Refresh (13ms)
				TypeCache.ScanAssembly (0ms)
			ScanForSourceGeneratedMonoScriptInfo (0ms)
			ResolveRequiredComponents (19ms)
	FinalizeReload (3363ms)
		ReleaseScriptCaches (0ms)
		RebuildScriptCaches (0ms)
		SetupLoadedEditorAssemblies (1730ms)
			LogAssemblyErrors (0ms)
			InitializePlatformSupportModulesInManaged (26ms)
			SetLoadedEditorAssemblies (18ms)
			RefreshPlugins (0ms)
			BeforeProcessingInitializeOnLoad (245ms)
			ProcessInitializeOnLoadAttributes (1333ms)
			ProcessInitializeOnLoadMethodAttributes (84ms)
			AfterProcessingInitializeOnLoad (23ms)
			EditorAssembliesLoaded (0ms)
		ExecutionOrderSort2 (0ms)
		AwakeInstancesAfterBackupRestoration (26ms)
Refreshing native plugins compatible for Editor in 20.24 ms, found 3 plugins.
Preloading 0 native plugins for Editor in 0.00 ms.
Unloading 3508 Unused Serialized files (Serialized files now loaded: 0)
Unloading 28 unused Assets / (156.3 KB). Loaded Objects now: 4063.
Memory consumption went from 137.6 MB to 137.4 MB.
Total: 9.314300 ms (FindLiveObjects: 0.681900 ms CreateObjectMapping: 0.362100 ms MarkObjects: 7.874600 ms  DeleteObjects: 0.392200 ms)

Prepare: number of updated asset objects reloaded= 0
AssetImportParameters requested are different than current active one (requested -> active):
  custom:container-demuxer-ogg: 62fdf1f143b41e24485cea50d1cbac27 -> 
  custom:video-codec-MediaFoundation-h265: 746d11721c4dcdbdad8f713fa42b33f4 -> 
  custom:video-decoder-ogg-theora: a1e56fd34408186e4bbccfd4996cb3dc -> 
  custom:framework-win-MediaFoundation: 216162199b28c13a410421893ffa2e32 -> 
  custom:CustomObjectIndexerAttribute: 9a22284fe3817be447336de3de66b15e -> 
  custom:container-demuxer-webm: 4f35f7cbe854078d1ac9338744f61a02 -> 
  custom:container-muxer-webm: aa71ff27fc2769a1b78a27578f13a17b -> 
  custom:video-decoder-webm-vp8: 9c59270c3fd7afecdb556c50c9e8de78 -> 
  custom:SearchIndexIgnoredProperties: e643bd26f0fe6173181afceb89e7c659 -> 
  custom:AudioImporter_EditorPlatform: d09bf68614088b80899f8185d706f6e7 -> 
  custom:video-encoder-webm-vp8: eb34c28f22e8b96e1ab97ce403110664 -> 
  custom:audio-decoder-ogg-vorbis: bf7c407c2cedff20999df2af8eb42d56 -> 
  custom:audio-encoder-webm-vorbis: bf7c407c2cedff20999df2af8eb42d56 -> 
========================================================================
Received Import Request.
  Time since last request: 1395.237091 seconds.
  path: Assets/Quad.Vertex/Warehouse industrial/Materials/Lamps_emission.mat
  artifactKey: Guid(82f157b574df6bd459e6a7ca38c66f41) Importer(815301076,1909f56bfc062723c751e8b465ee728b)
Start importing Assets/Quad.Vertex/Warehouse industrial/Materials/Lamps_emission.mat using Guid(82f157b574df6bd459e6a7ca38c66f41) Importer(815301076,1909f56bfc062723c751e8b465ee728b)  -> (artifact id: '34488a44a8cc43eb8276fd81323dbc04') in 0.227703 seconds
Number of updated asset objects reloaded before import = 0
Number of asset objects unloaded after import = 1
========================================================================
Received Import Request.
  Time since last request: 0.000035 seconds.
  path: Assets/Quad.Vertex/Warehouse industrial/Materials/main_mat.mat
  artifactKey: Guid(e01f90ef1ef57984788e67da8b3c1c68) Importer(815301076,1909f56bfc062723c751e8b465ee728b)
Start importing Assets/Quad.Vertex/Warehouse industrial/Materials/main_mat.mat using Guid(e01f90ef1ef57984788e67da8b3c1c68) Importer(815301076,1909f56bfc062723c751e8b465ee728b)  -> (artifact id: '632bc24c3720758c18e54e8a2fb20f66') in 0.047996 seconds
Number of updated asset objects reloaded before import = 0
Number of asset objects unloaded after import = 2
========================================================================
Received Prepare
Begin MonoManager ReloadAssembly
- Loaded All Assemblies, in  1.492 seconds
Refreshing native plugins compatible for Editor in 11.25 ms, found 3 plugins.
Native extension for WindowsStandalone target not found
[Package Manager] Server::EnsureServerProcessIsRunning -- launch failed, reason: Unity was launched with the -noUpm command-line argument
[Package Manager] UpmClient::Send -- Unable to send message (not connected to UPM process).
[Package Manager] Cannot connect to Unity Package Manager local server
Mono: successfully reloaded assembly
- Finished resetting the current domain, in  6.296 seconds
Domain Reload Profiling: 7785ms
	BeginReloadAssembly (454ms)
		ExecutionOrderSort (0ms)
		DisableScriptedObjects (12ms)
		BackupInstance (0ms)
		ReleaseScriptingObjects (0ms)
		CreateAndSetChildDomain (125ms)
	RebuildCommonClasses (74ms)
	RebuildNativeTypeToScriptingClass (23ms)
	initialDomainReloadingComplete (75ms)
	LoadAllAssembliesAndSetupDomain (860ms)
		LoadAssemblies (1061ms)
		RebuildTransferFunctionScriptingTraits (0ms)
		AnalyzeDomain (41ms)
			TypeCache.Refresh (15ms)
				TypeCache.ScanAssembly (0ms)
			ScanForSourceGeneratedMonoScriptInfo (1ms)
			ResolveRequiredComponents (22ms)
	FinalizeReload (6298ms)
		ReleaseScriptCaches (0ms)
		RebuildScriptCaches (0ms)
		SetupLoadedEditorAssemblies (1871ms)
			LogAssemblyErrors (0ms)
			InitializePlatformSupportModulesInManaged (23ms)
			SetLoadedEditorAssemblies (17ms)
			RefreshPlugins (0ms)
			BeforeProcessingInitializeOnLoad (228ms)
			ProcessInitializeOnLoadAttributes (1448ms)
			ProcessInitializeOnLoadMethodAttributes (117ms)
			AfterProcessingInitializeOnLoad (37ms)
			EditorAssembliesLoaded (1ms)
		ExecutionOrderSort2 (0ms)
		AwakeInstancesAfterBackupRestoration (36ms)
Refreshing native plugins compatible for Editor in 24.54 ms, found 3 plugins.
Preloading 0 native plugins for Editor in 0.00 ms.
Unloading 3508 Unused Serialized files (Serialized files now loaded: 0)
Unloading 28 unused Assets / (156.2 KB). Loaded Objects now: 4066.
Memory consumption went from 137.6 MB to 137.4 MB.
Total: 19.465000 ms (FindLiveObjects: 1.993800 ms CreateObjectMapping: 0.964800 ms MarkObjects: 16.010200 ms  DeleteObjects: 0.491100 ms)

Prepare: number of updated asset objects reloaded= 0
AssetImportParameters requested are different than current active one (requested -> active):
  custom:container-demuxer-ogg: 62fdf1f143b41e24485cea50d1cbac27 -> 
  custom:video-codec-MediaFoundation-h265: 746d11721c4dcdbdad8f713fa42b33f4 -> 
  custom:video-decoder-ogg-theora: a1e56fd34408186e4bbccfd4996cb3dc -> 
  custom:framework-win-MediaFoundation: 216162199b28c13a410421893ffa2e32 -> 
  custom:CustomObjectIndexerAttribute: 9a22284fe3817be447336de3de66b15e -> 
  custom:container-demuxer-webm: 4f35f7cbe854078d1ac9338744f61a02 -> 
  custom:container-muxer-webm: aa71ff27fc2769a1b78a27578f13a17b -> 
  custom:video-decoder-webm-vp8: 9c59270c3fd7afecdb556c50c9e8de78 -> 
  custom:SearchIndexIgnoredProperties: e643bd26f0fe6173181afceb89e7c659 -> 
  custom:AudioImporter_EditorPlatform: d09bf68614088b80899f8185d706f6e7 -> 
  custom:video-encoder-webm-vp8: eb34c28f22e8b96e1ab97ce403110664 -> 
  custom:audio-decoder-ogg-vorbis: bf7c407c2cedff20999df2af8eb42d56 -> 
  custom:audio-encoder-webm-vorbis: bf7c407c2cedff20999df2af8eb42d56 -> 
========================================================================
Received Import Request.
  Time since last request: 376.871229 seconds.
  path: Assets/Quad.Vertex/Warehouse industrial/Meshes/floor.fbx
  artifactKey: Guid(eb9d2658b56141f49a70b65aa1e10127) Importer(815301076,1909f56bfc062723c751e8b465ee728b)
Start importing Assets/Quad.Vertex/Warehouse industrial/Meshes/floor.fbx using Guid(eb9d2658b56141f49a70b65aa1e10127) Importer(815301076,1909f56bfc062723c751e8b465ee728b)  -> (artifact id: '33d248ffd03c4b3c08ecdb71c5554032') in 0.434824 seconds
Number of updated asset objects reloaded before import = 0
Number of asset objects unloaded after import = 24
========================================================================
Received Import Request.
  Time since last request: 0.000069 seconds.
  path: Assets/Quad.Vertex/Warehouse industrial/Meshes/loader.fbx
  artifactKey: Guid(3118739884768984f9dd0ee5dc531990) Importer(815301076,1909f56bfc062723c751e8b465ee728b)
Start importing Assets/Quad.Vertex/Warehouse industrial/Meshes/loader.fbx using Guid(3118739884768984f9dd0ee5dc531990) Importer(815301076,1909f56bfc062723c751e8b465ee728b)  -> (artifact id: 'c501ef028e48ce811cfce7326bf08e29') in 0.566756 seconds
Number of updated asset objects reloaded before import = 0
Number of asset objects unloaded after import = 79
========================================================================
Received Import Request.
  Time since last request: 0.000061 seconds.
  path: Assets/Quad.Vertex/Warehouse industrial/Meshes/stands_n_pallets.fbx
  artifactKey: Guid(e81aeff0f4d37bd41a49dbe348f050bd) Importer(815301076,1909f56bfc062723c751e8b465ee728b)
Start importing Assets/Quad.Vertex/Warehouse industrial/Meshes/stands_n_pallets.fbx using Guid(e81aeff0f4d37bd41a49dbe348f050bd) Importer(815301076,1909f56bfc062723c751e8b465ee728b)  -> (artifact id: '84ae56adc0a07a40117cca0ff1a58f5e') in 0.212435 seconds
Number of updated asset objects reloaded before import = 0
Number of asset objects unloaded after import = 34
========================================================================
Received Import Request.
  Time since last request: 6.209899 seconds.
  path: Assets/Quad.Vertex/Warehouse industrial/Prefabs/Floor/floor_2.5x2.5_line.prefab
  artifactKey: Guid(58a8d82b3cffaf74dba35a91c517afef) Importer(815301076,1909f56bfc062723c751e8b465ee728b)
Start importing Assets/Quad.Vertex/Warehouse industrial/Prefabs/Floor/floor_2.5x2.5_line.prefab using Guid(58a8d82b3cffaf74dba35a91c517afef) Importer(815301076,1909f56bfc062723c751e8b465ee728b)  -> (artifact id: '7fb70b1b6461aaba945bf5dd1d2ac884') in 0.068184 seconds
Number of updated asset objects reloaded before import = 0
Number of asset objects unloaded after import = 9
========================================================================
Received Import Request.
  Time since last request: 0.000048 seconds.
  path: Assets/Quad.Vertex/Warehouse industrial/Prefabs/Floor/floor_5x5.prefab
  artifactKey: Guid(0e63f531ec7715749909d37967b48c4f) Importer(815301076,1909f56bfc062723c751e8b465ee728b)
Start importing Assets/Quad.Vertex/Warehouse industrial/Prefabs/Floor/floor_5x5.prefab using Guid(0e63f531ec7715749909d37967b48c4f) Importer(815301076,1909f56bfc062723c751e8b465ee728b)  -> (artifact id: '828c66cc79a004be5fa66ba44781d6ff') in 0.035596 seconds
Number of updated asset objects reloaded before import = 0
Number of asset objects unloaded after import = 9
========================================================================
Received Import Request.
  Time since last request: 4.098722 seconds.
  path: Assets/Quad.Vertex/Warehouse industrial/Prefabs/Decor/barrel_fuel_1.prefab
  artifactKey: Guid(c3073c4b6c3159d48a0242cf73fa45df) Importer(815301076,1909f56bfc062723c751e8b465ee728b)
Start importing Assets/Quad.Vertex/Warehouse industrial/Prefabs/Decor/barrel_fuel_1.prefab using Guid(c3073c4b6c3159d48a0242cf73fa45df) Importer(815301076,1909f56bfc062723c751e8b465ee728b)  -> (artifact id: '649dd245f889e8c0f64e35d73a4fb97f') in 0.049967 seconds
Number of updated asset objects reloaded before import = 0
Number of asset objects unloaded after import = 9
========================================================================
Received Import Request.
  Time since last request: 0.000054 seconds.
  path: Assets/Quad.Vertex/Warehouse industrial/Prefabs/Decor/box_cardboard_small.prefab
  artifactKey: Guid(99353589eb7549a4892b8ae9134279af) Importer(815301076,1909f56bfc062723c751e8b465ee728b)
Start importing Assets/Quad.Vertex/Warehouse industrial/Prefabs/Decor/box_cardboard_small.prefab using Guid(99353589eb7549a4892b8ae9134279af) Importer(815301076,1909f56bfc062723c751e8b465ee728b)  -> (artifact id: '66b1d030f092897f7f34ae3ed191ad0d') in 0.036069 seconds
Number of updated asset objects reloaded before import = 0
Number of asset objects unloaded after import = 9
========================================================================
Received Import Request.
  Time since last request: 0.000048 seconds.
  path: Assets/Quad.Vertex/Warehouse industrial/Prefabs/Decor/cardboard_flat3.prefab
  artifactKey: Guid(b37a1f89cefa04641bdbb963557e4190) Importer(815301076,1909f56bfc062723c751e8b465ee728b)
Start importing Assets/Quad.Vertex/Warehouse industrial/Prefabs/Decor/cardboard_flat3.prefab using Guid(b37a1f89cefa04641bdbb963557e4190) Importer(815301076,1909f56bfc062723c751e8b465ee728b)  -> (artifact id: 'ee5384b67cf5a432b7b81c6f050e7194') in 0.046724 seconds
Number of updated asset objects reloaded before import = 0
Number of asset objects unloaded after import = 9
========================================================================
Received Import Request.
  Time since last request: 0.000028 seconds.
  path: Assets/Quad.Vertex/Warehouse industrial/Prefabs/Decor/box_plastic_blue.prefab
  artifactKey: Guid(4b04b7490da985941b257edb5a5c56c3) Importer(815301076,1909f56bfc062723c751e8b465ee728b)
Start importing Assets/Quad.Vertex/Warehouse industrial/Prefabs/Decor/box_plastic_blue.prefab using Guid(4b04b7490da985941b257edb5a5c56c3) Importer(815301076,1909f56bfc062723c751e8b465ee728b)  -> (artifact id: 'e1793994f414b6ed1695c6eaa357a915') in 0.045741 seconds
Number of updated asset objects reloaded before import = 0
Number of asset objects unloaded after import = 9
========================================================================
Received Import Request.
  Time since last request: 0.000041 seconds.
  path: Assets/Quad.Vertex/Warehouse industrial/Prefabs/Decor/box_cardboard_1.prefab
  artifactKey: Guid(0c84dbce9afdea4498f28bd3c8109d05) Importer(815301076,1909f56bfc062723c751e8b465ee728b)
Start importing Assets/Quad.Vertex/Warehouse industrial/Prefabs/Decor/box_cardboard_1.prefab using Guid(0c84dbce9afdea4498f28bd3c8109d05) Importer(815301076,1909f56bfc062723c751e8b465ee728b)  -> (artifact id: '4cf8d65021a5b009150696304ef28f29') in 0.031328 seconds
Number of updated asset objects reloaded before import = 0
Number of asset objects unloaded after import = 9
========================================================================
Received Import Request.
  Time since last request: 0.000032 seconds.
  path: Assets/Quad.Vertex/Warehouse industrial/Prefabs/Decor/bucket_blue.prefab
  artifactKey: Guid(e3107486c33c0724d990cb38e9f51835) Importer(815301076,1909f56bfc062723c751e8b465ee728b)
Start importing Assets/Quad.Vertex/Warehouse industrial/Prefabs/Decor/bucket_blue.prefab using Guid(e3107486c33c0724d990cb38e9f51835) Importer(815301076,1909f56bfc062723c751e8b465ee728b)  -> (artifact id: '710022c810664ffee0b81c973a6281e7') in 0.043732 seconds
Number of updated asset objects reloaded before import = 0
Number of asset objects unloaded after import = 9
========================================================================
Received Import Request.
  Time since last request: 0.000053 seconds.
  path: Assets/Quad.Vertex/Warehouse industrial/Prefabs/Decor/box_wooden_2.prefab
  artifactKey: Guid(4c1ca2f6c07828f4da8e9b90cbd08554) Importer(815301076,1909f56bfc062723c751e8b465ee728b)
Start importing Assets/Quad.Vertex/Warehouse industrial/Prefabs/Decor/box_wooden_2.prefab using Guid(4c1ca2f6c07828f4da8e9b90cbd08554) Importer(815301076,1909f56bfc062723c751e8b465ee728b)  -> (artifact id: '241f75571b7c9acd988467e1d85a7ef4') in 0.062502 seconds
Number of updated asset objects reloaded before import = 0
Number of asset objects unloaded after import = 9
========================================================================
Received Import Request.
  Time since last request: 0.000027 seconds.
  path: Assets/Quad.Vertex/Warehouse industrial/Prefabs/Decor/box_wooden_3.prefab
  artifactKey: Guid(fe93431ec5ab1154b8f09a77d4767bd7) Importer(815301076,1909f56bfc062723c751e8b465ee728b)
Start importing Assets/Quad.Vertex/Warehouse industrial/Prefabs/Decor/box_wooden_3.prefab using Guid(fe93431ec5ab1154b8f09a77d4767bd7) Importer(815301076,1909f56bfc062723c751e8b465ee728b)  -> (artifact id: '48db45e6de33533c4272aa462479f0d7') in 0.032308 seconds
Number of updated asset objects reloaded before import = 0
Number of asset objects unloaded after import = 9
========================================================================
Received Import Request.
  Time since last request: 0.000033 seconds.
  path: Assets/Quad.Vertex/Warehouse industrial/Prefabs/Decor/box_cardboard_2.prefab
  artifactKey: Guid(c351b12fbe482854a86a10a406b518fd) Importer(815301076,1909f56bfc062723c751e8b465ee728b)
Start importing Assets/Quad.Vertex/Warehouse industrial/Prefabs/Decor/box_cardboard_2.prefab using Guid(c351b12fbe482854a86a10a406b518fd) Importer(815301076,1909f56bfc062723c751e8b465ee728b)  -> (artifact id: '438d7c99387afdea6f16876d45c8c07f') in 0.045941 seconds
Number of updated asset objects reloaded before import = 0
Number of asset objects unloaded after import = 9
========================================================================
Received Import Request.
  Time since last request: 0.000038 seconds.
  path: Assets/Quad.Vertex/Warehouse industrial/Prefabs/Decor/cardboard_flat2.prefab
  artifactKey: Guid(50c530ff2676b1747894c86c5a747f74) Importer(815301076,1909f56bfc062723c751e8b465ee728b)
Start importing Assets/Quad.Vertex/Warehouse industrial/Prefabs/Decor/cardboard_flat2.prefab using Guid(50c530ff2676b1747894c86c5a747f74) Importer(815301076,1909f56bfc062723c751e8b465ee728b)  -> (artifact id: '36c1744340d9ccf2b49d8d5ec11bc9bd') in 0.050013 seconds
Number of updated asset objects reloaded before import = 0
Number of asset objects unloaded after import = 9
========================================================================
Received Import Request.
  Time since last request: 0.000108 seconds.
  path: Assets/Quad.Vertex/Warehouse industrial/Prefabs/Decor/box_cardboard_big.prefab
  artifactKey: Guid(a82c347b27361d64085810d600a58aa4) Importer(815301076,1909f56bfc062723c751e8b465ee728b)
Start importing Assets/Quad.Vertex/Warehouse industrial/Prefabs/Decor/box_cardboard_big.prefab using Guid(a82c347b27361d64085810d600a58aa4) Importer(815301076,1909f56bfc062723c751e8b465ee728b)  -> (artifact id: '3ba864462c5cd7dc59f12a4a8b0f07c2') in 0.040095 seconds
Number of updated asset objects reloaded before import = 0
Number of asset objects unloaded after import = 9
========================================================================
Received Import Request.
  Time since last request: 0.000049 seconds.
  path: Assets/Quad.Vertex/Warehouse industrial/Prefabs/Decor/box_wooden_1.prefab
  artifactKey: Guid(3e4409dff7a0e99429ee0fb806f19f11) Importer(815301076,1909f56bfc062723c751e8b465ee728b)
Start importing Assets/Quad.Vertex/Warehouse industrial/Prefabs/Decor/box_wooden_1.prefab using Guid(3e4409dff7a0e99429ee0fb806f19f11) Importer(815301076,1909f56bfc062723c751e8b465ee728b)  -> (artifact id: 'acadabd07a681bba88110cd8cd5c68c1') in 0.060090 seconds
Number of updated asset objects reloaded before import = 0
Number of asset objects unloaded after import = 9
========================================================================
Received Import Request.
  Time since last request: 3.664919 seconds.
  path: Assets/Quad.Vertex/Warehouse industrial/Prefabs/Loader/loader_lifter_holder_long.prefab
  artifactKey: Guid(dddcdd4a3ca7414468420756632b2a51) Importer(815301076,1909f56bfc062723c751e8b465ee728b)
Start importing Assets/Quad.Vertex/Warehouse industrial/Prefabs/Loader/loader_lifter_holder_long.prefab using Guid(dddcdd4a3ca7414468420756632b2a51) Importer(815301076,1909f56bfc062723c751e8b465ee728b)  -> (artifact id: 'ed08fa0abe02af612fdc6496e983e63c') in 0.070848 seconds
Number of updated asset objects reloaded before import = 0
Number of asset objects unloaded after import = 14
========================================================================
Received Prepare
Begin MonoManager ReloadAssembly
- Loaded All Assemblies, in 18.699 seconds
Refreshing native plugins compatible for Editor in 23.63 ms, found 3 plugins.
Native extension for WindowsStandalone target not found
[Package Manager] Server::EnsureServerProcessIsRunning -- launch failed, reason: Unity was launched with the -noUpm command-line argument
[Package Manager] UpmClient::Send -- Unable to send message (not connected to UPM process).
[Package Manager] Cannot connect to Unity Package Manager local server
Mono: successfully reloaded assembly
- Finished resetting the current domain, in 42.813 seconds
Domain Reload Profiling: 61526ms
	BeginReloadAssembly (5354ms)
		ExecutionOrderSort (0ms)
		DisableScriptedObjects (36ms)
		BackupInstance (0ms)
		ReleaseScriptingObjects (1ms)
		CreateAndSetChildDomain (4559ms)
	RebuildCommonClasses (134ms)
	RebuildNativeTypeToScriptingClass (33ms)
	initialDomainReloadingComplete (111ms)
	LoadAllAssembliesAndSetupDomain (13077ms)
		LoadAssemblies (12711ms)
		RebuildTransferFunctionScriptingTraits (0ms)
		AnalyzeDomain (909ms)
			TypeCache.Refresh (640ms)
				TypeCache.ScanAssembly (488ms)
			ScanForSourceGeneratedMonoScriptInfo (131ms)
			ResolveRequiredComponents (131ms)
	FinalizeReload (42816ms)
		ReleaseScriptCaches (0ms)
		RebuildScriptCaches (0ms)
		SetupLoadedEditorAssemblies (1859ms)
			LogAssemblyErrors (0ms)
			InitializePlatformSupportModulesInManaged (26ms)
			SetLoadedEditorAssemblies (17ms)
			RefreshPlugins (0ms)
			BeforeProcessingInitializeOnLoad (257ms)
			ProcessInitializeOnLoadAttributes (1320ms)
			ProcessInitializeOnLoadMethodAttributes (226ms)
			AfterProcessingInitializeOnLoad (14ms)
			EditorAssembliesLoaded (1ms)
		ExecutionOrderSort2 (0ms)
		AwakeInstancesAfterBackupRestoration (21ms)
Shader 'Universal Render Pipeline/Nature/SpeedTree7': fallback shader 'Hidden/Universal Render Pipeline/FallbackError' not found
Shader 'Universal Render Pipeline/Nature/SpeedTree7': dependency 'BillboardShader' shader 'Universal Render Pipeline/Nature/SpeedTree7 Billboard' not found
Shader 'Hidden/Universal Render Pipeline/Terrain/Lit (Add Pass)': fallback shader 'Hidden/Universal Render Pipeline/FallbackError' not found
Shader 'Hidden/Universal Render Pipeline/Terrain/Lit (Base Pass)': fallback shader 'Hidden/Universal Render Pipeline/FallbackError' not found
WARNING: Shader Unsupported: 'Hidden/Universal Render Pipeline/Terrain/Lit (Base Pass)' - All subshaders removed
WARNING: Shader Did you use #pragma only_renderers and omit this platform?
WARNING: Shader If subshaders removal was intentional, you may have forgotten turning Fallback off?
WARNING: Shader Unsupported: 'Hidden/Universal Render Pipeline/Terrain/Lit (Base Pass)' - All subshaders removed
WARNING: Shader Did you use #pragma only_renderers and omit this platform?
WARNING: Shader If subshaders removal was intentional, you may have forgotten turning Fallback off?
Shader 'Hidden/Universal Render Pipeline/FallbackError': fallback shader 'Hidden/Core/FallbackError' not found
Shader 'Universal Render Pipeline/Baked Lit': fallback shader 'Universal Render Pipeline/Unlit' not found
Refreshing native plugins compatible for Editor in 28.93 ms, found 3 plugins.
Preloading 0 native plugins for Editor in 0.00 ms.
Unloading 5420 Unused Serialized files (Serialized files now loaded: 0)
Unloading 115 unused Assets / (7.1 MB). Loaded Objects now: 5894.
Memory consumption went from 202.9 MB to 195.8 MB.
Total: 25.316200 ms (FindLiveObjects: 1.822500 ms CreateObjectMapping: 0.755100 ms MarkObjects: 15.820300 ms  DeleteObjects: 6.914100 ms)

Prepare: number of updated asset objects reloaded= 0
AssetImportParameters requested are different than current active one (requested -> active):
  custom:container-demuxer-ogg: 62fdf1f143b41e24485cea50d1cbac27 -> 
  custom:video-codec-MediaFoundation-h265: 746d11721c4dcdbdad8f713fa42b33f4 -> 
  custom:video-decoder-ogg-theora: a1e56fd34408186e4bbccfd4996cb3dc -> 
  custom:framework-win-MediaFoundation: 216162199b28c13a410421893ffa2e32 -> 
  custom:CustomObjectIndexerAttribute: 72b91833f83ae208fae7752999fa3104 -> 
  custom:container-demuxer-webm: 4f35f7cbe854078d1ac9338744f61a02 -> 
  custom:container-muxer-webm: aa71ff27fc2769a1b78a27578f13a17b -> 
  custom:video-decoder-webm-vp8: 9c59270c3fd7afecdb556c50c9e8de78 -> 
  custom:SearchIndexIgnoredProperties: e643bd26f0fe6173181afceb89e7c659 -> 
  custom:AudioImporter_EditorPlatform: d09bf68614088b80899f8185d706f6e7 -> 
  custom:video-encoder-webm-vp8: eb34c28f22e8b96e1ab97ce403110664 -> 
  custom:audio-decoder-ogg-vorbis: bf7c407c2cedff20999df2af8eb42d56 -> 
  custom:audio-encoder-webm-vorbis: bf7c407c2cedff20999df2af8eb42d56 -> 
========================================================================
Received Import Request.
  Time since last request: 1147.693273 seconds.
  path: Assets/Quad.Vertex/Warehouse industrial/Materials/Lamps_emission.mat
  artifactKey: Guid(82f157b574df6bd459e6a7ca38c66f41) Importer(815301076,1909f56bfc062723c751e8b465ee728b)
Start importing Assets/Quad.Vertex/Warehouse industrial/Materials/Lamps_emission.mat using Guid(82f157b574df6bd459e6a7ca38c66f41) Importer(815301076,1909f56bfc062723c751e8b465ee728b)  -> (artifact id: 'f99b427f3ceb2b76073008813e3400b8') in 0.821895 seconds
Number of updated asset objects reloaded before import = 0
Number of asset objects unloaded after import = 1
========================================================================
Received Import Request.
  Time since last request: 0.000049 seconds.
  path: Assets/Quad.Vertex/Warehouse industrial/Materials/main_mat.mat
  artifactKey: Guid(e01f90ef1ef57984788e67da8b3c1c68) Importer(815301076,1909f56bfc062723c751e8b465ee728b)
Start importing Assets/Quad.Vertex/Warehouse industrial/Materials/main_mat.mat using Guid(e01f90ef1ef57984788e67da8b3c1c68) Importer(815301076,1909f56bfc062723c751e8b465ee728b)  -> (artifact id: '05ddf0c706eac96b76c724e6bbea9e16') in 0.452210 seconds
Number of updated asset objects reloaded before import = 0
Number of asset objects unloaded after import = 2
